{"meta": {"format": 3, "version": "7.13.5", "timestamp": "2026-05-13T00:40:39.561532", "branch_coverage": false, "show_contexts": false}, "files": {"apps/api/__init__.py": {"executed_lines": [], "summary": {"covered_lines": 0, "num_statements": 0, "percent_covered": 100.0, "percent_covered_display": "100", "missing_lines": 0, "excluded_lines": 0, "percent_statements_covered": 100.0, "percent_statements_covered_display": "100"}, "missing_lines": [], "excluded_lines": [], "functions": {"": {"executed_lines": [], "summary": {"covered_lines": 0, "num_statements": 0, "percent_covered": 100.0, "percent_covered_display": "100", "missing_lines": 0, "excluded_lines": 0, "percent_statements_covered": 100.0, "percent_statements_covered_display": "100"}, "missing_lines": [], "excluded_lines": [], "start_line": 1}}, "classes": {"": {"executed_lines": [], "summary": {"covered_lines": 0, "num_statements": 0, "percent_covered": 100.0, "percent_covered_display": "100", "missing_lines": 0, "excluded_lines": 0, "percent_statements_covered": 100.0, "percent_statements_covered_display": "100"}, "missing_lines": [], "excluded_lines": [], "start_line": 1}}}, "apps/api/assertions/__init__.py": {"executed_lines": [], "summary": {"covered_lines": 0, "num_statements": 0, "percent_covered": 100.0, "percent_covered_display": "100", "missing_lines": 0, "excluded_lines": 0, "percent_statements_covered": 100.0, "percent_statements_covered_display": "100"}, "missing_lines": [], "excluded_lines": [], "functions": {"": {"executed_lines": [], "summary": {"covered_lines": 0, "num_statements": 0, "percent_covered": 100.0, "percent_covered_display": "100", "missing_lines": 0, "excluded_lines": 0, "percent_statements_covered": 100.0, "percent_statements_covered_display": "100"}, "missing_lines": [], "excluded_lines": [], "start_line": 1}}, "classes": {"": {"executed_lines": [], "summary": {"covered_lines": 0, "num_statements": 0, "percent_covered": 100.0, "percent_covered_display": "100", "missing_lines": 0, "excluded_lines": 0, "percent_statements_covered": 100.0, "percent_statements_covered_display": "100"}, "missing_lines": [], "excluded_lines": [], "start_line": 1}}}, "apps/api/assertions/business_logic.py": {"executed_lines": [7, 9, 11, 14, 15, 17, 18, 19, 20, 21, 22, 23, 24, 25, 26, 29, 30, 31, 34, 35, 36, 37, 38, 39, 50, 51, 52, 53, 54, 56, 57, 58, 59, 60, 61, 72, 73, 74, 75, 76, 77, 78, 79, 80, 91, 93, 94, 95, 96, 97, 98, 99, 110, 111, 112, 113, 114, 116, 117, 118, 119, 120, 121, 122, 133, 135, 137, 138, 139, 140, 141, 142, 143, 144, 146, 147, 148, 149, 150, 151, 152, 153, 164, 166, 167, 168, 169, 170, 171, 172, 173], "summary": {"covered_lines": 91, "num_statements": 97, "percent_covered": 93.81443298969072, "percent_covered_display": "94", "missing_lines": 6, "excluded_lines": 0, "percent_statements_covered": 93.81443298969072, "percent_statements_covered_display": "94"}, "missing_lines": [16, 27, 55, 115, 136, 145], "excluded_lines": [], "functions": {"_example_rows": {"executed_lines": [15, 17, 18, 19, 20, 21, 22, 23, 24, 25, 26, 29, 30, 31], "summary": {"covered_lines": 14, "num_statements": 16, "percent_covered": 87.5, "percent_covered_display": "88", "missing_lines": 2, "excluded_lines": 0, "percent_statements_covered": 87.5, "percent_statements_covered_display": "88"}, "missing_lines": [16, 27], "excluded_lines": [], "start_line": 14}, "check_negative_demand": {"executed_lines": [35, 36, 37, 38, 39], "summary": {"covered_lines": 5, "num_statements": 5, "percent_covered": 100.0, "percent_covered_display": "100", "missing_lines": 0, "excluded_lines": 0, "percent_statements_covered": 100.0, "percent_statements_covered_display": "100"}, "missing_lines": [], "excluded_lines": [], "start_line": 34}, "check_price_below_cost": {"executed_lines": [51, 52, 53, 54, 56, 57, 58, 59, 60, 61], "summary": {"covered_lines": 10, "num_statements": 11, "percent_covered": 90.9090909090909, "percent_covered_display": "91", "missing_lines": 1, "excluded_lines": 0, "percent_statements_covered": 90.9090909090909, "percent_statements_covered_display": "91"}, "missing_lines": [55], "excluded_lines": [], "start_line": 50}, "check_lead_time_outliers": {"executed_lines": [73, 74, 75, 76, 77, 78, 79, 80], "summary": {"covered_lines": 8, "num_statements": 8, "percent_covered": 100.0, "percent_covered_display": "100", "missing_lines": 0, "excluded_lines": 0, "percent_statements_covered": 100.0, "percent_statements_covered_display": "100"}, "missing_lines": [], "excluded_lines": [], "start_line": 72}, "check_demand_spikes": {"executed_lines": [93, 94, 95, 96, 97, 98, 99], "summary": {"covered_lines": 7, "num_statements": 7, "percent_covered": 100.0, "percent_covered_display": "100", "missing_lines": 0, "excluded_lines": 0, "percent_statements_covered": 100.0, "percent_statements_covered_display": "100"}, "missing_lines": [], "excluded_lines": [], "start_line": 91}, "check_on_hand_implausible": {"executed_lines": [111, 112, 113, 114, 116, 117, 118, 119, 120, 121, 122], "summary": {"covered_lines": 11, "num_statements": 12, "percent_covered": 91.66666666666667, "percent_covered_display": "92", "missing_lines": 1, "excluded_lines": 0, "percent_statements_covered": 91.66666666666667, "percent_statements_covered_display": "92"}, "missing_lines": [115], "excluded_lines": [], "start_line": 110}, "check_date_gaps": {"executed_lines": [135, 137, 138, 139, 140, 141, 142, 143, 144, 146, 147, 148, 149, 150, 151, 152, 153], "summary": {"covered_lines": 17, "num_statements": 19, "percent_covered": 89.47368421052632, "percent_covered_display": "89", "missing_lines": 2, "excluded_lines": 0, "percent_statements_covered": 89.47368421052632, "percent_statements_covered_display": "89"}, "missing_lines": [136, 145], "excluded_lines": [], "start_line": 133}, "run_all": {"executed_lines": [166, 167, 168, 169, 170, 171, 172, 173], "summary": {"covered_lines": 8, "num_statements": 8, "percent_covered": 100.0, "percent_covered_display": "100", "missing_lines": 0, "excluded_lines": 0, "percent_statements_covered": 100.0, "percent_statements_covered_display": "100"}, "missing_lines": [], "excluded_lines": [], "start_line": 164}, "": {"executed_lines": [7, 9, 11, 14, 34, 50, 72, 91, 110, 133, 164], "summary": {"covered_lines": 11, "num_statements": 11, "percent_covered": 100.0, "percent_covered_display": "100", "missing_lines": 0, "excluded_lines": 0, "percent_statements_covered": 100.0, "percent_statements_covered_display": "100"}, "missing_lines": [], "excluded_lines": [], "start_line": 1}}, "classes": {"": {"executed_lines": [7, 9, 11, 14, 15, 17, 18, 19, 20, 21, 22, 23, 24, 25, 26, 29, 30, 31, 34, 35, 36, 37, 38, 39, 50, 51, 52, 53, 54, 56, 57, 58, 59, 60, 61, 72, 73, 74, 75, 76, 77, 78, 79, 80, 91, 93, 94, 95, 96, 97, 98, 99, 110, 111, 112, 113, 114, 116, 117, 118, 119, 120, 121, 122, 133, 135, 137, 138, 139, 140, 141, 142, 143, 144, 146, 147, 148, 149, 150, 151, 152, 153, 164, 166, 167, 168, 169, 170, 171, 172, 173], "summary": {"covered_lines": 91, "num_statements": 97, "percent_covered": 93.81443298969072, "percent_covered_display": "94", "missing_lines": 6, "excluded_lines": 0, "percent_statements_covered": 93.81443298969072, "percent_statements_covered_display": "94"}, "missing_lines": [16, 27, 55, 115, 136, 145], "excluded_lines": [], "start_line": 1}}}, "apps/api/assertions/explainer.py": {"executed_lines": [10, 12, 13, 14, 16, 18, 19, 36, 47, 53, 63, 64, 65, 68, 77, 78], "summary": {"covered_lines": 16, "num_statements": 53, "percent_covered": 30.18867924528302, "percent_covered_display": "30", "missing_lines": 37, "excluded_lines": 1, "percent_statements_covered": 30.18867924528302, "percent_statements_covered_display": "30"}, "missing_lines": [37, 43, 44, 48, 49, 50, 66, 69, 70, 71, 72, 73, 74, 75, 80, 92, 93, 100, 101, 102, 103, 104, 105, 107, 108, 109, 110, 112, 113, 114, 115, 117, 118, 119, 120, 121, 123], "excluded_lines": [21], "functions": {"_cache_key": {"executed_lines": [], "summary": {"covered_lines": 0, "num_statements": 3, "percent_covered": 0.0, "percent_covered_display": "0", "missing_lines": 3, "excluded_lines": 0, "percent_statements_covered": 0.0, "percent_statements_covered_display": "0"}, "missing_lines": [37, 43, 44], "excluded_lines": [], "start_line": 36}, "_cache_path": {"executed_lines": [], "summary": {"covered_lines": 0, "num_statements": 3, "percent_covered": 0.0, "percent_covered_display": "0", "missing_lines": 3, "excluded_lines": 0, "percent_statements_covered": 0.0, "percent_statements_covered_display": "0"}, "missing_lines": [48, 49, 50], "excluded_lines": [], "start_line": 47}, "explain_top_issues": {"executed_lines": [63, 64, 65, 68, 77, 78], "summary": {"covered_lines": 6, "num_statements": 37, "percent_covered": 16.216216216216218, "percent_covered_display": "16", "missing_lines": 31, "excluded_lines": 0, "percent_statements_covered": 16.216216216216218, "percent_statements_covered_display": "16"}, "missing_lines": [66, 69, 70, 71, 72, 73, 74, 75, 80, 92, 93, 100, 101, 102, 103, 104, 105, 107, 108, 109, 110, 112, 113, 114, 115, 117, 118, 119, 120, 121, 123], "excluded_lines": [], "start_line": 53}, "": {"executed_lines": [10, 12, 13, 14, 16, 18, 19, 36, 47, 53], "summary": {"covered_lines": 10, "num_statements": 10, "percent_covered": 100.0, "percent_covered_display": "100", "missing_lines": 0, "excluded_lines": 1, "percent_statements_covered": 100.0, "percent_statements_covered_display": "100"}, "missing_lines": [], "excluded_lines": [21], "start_line": 1}}, "classes": {"": {"executed_lines": [10, 12, 13, 14, 16, 18, 19, 36, 47, 53, 63, 64, 65, 68, 77, 78], "summary": {"covered_lines": 16, "num_statements": 53, "percent_covered": 30.18867924528302, "percent_covered_display": "30", "missing_lines": 37, "excluded_lines": 1, "percent_statements_covered": 30.18867924528302, "percent_statements_covered_display": "30"}, "missing_lines": [37, 43, 44, 48, 49, 50, 66, 69, 70, 71, 72, 73, 74, 75, 80, 92, 93, 100, 101, 102, 103, 104, 105, 107, 108, 109, 110, 112, 113, 114, 115, 117, 118, 119, 120, 121, 123], "excluded_lines": [21], "start_line": 1}}}, "apps/api/assertions/schemas.py": {"executed_lines": [1, 3, 4, 6, 9, 10, 11, 12, 15, 16, 17, 18, 19, 20, 21, 22, 25, 34, 35, 36, 38, 39, 42, 43, 44, 45, 46, 49, 50, 51, 53, 54, 55, 56, 57, 58, 59, 63, 67], "summary": {"covered_lines": 39, "num_statements": 39, "percent_covered": 100.0, "percent_covered_display": "100", "missing_lines": 0, "excluded_lines": 0, "percent_statements_covered": 100.0, "percent_statements_covered_display": "100"}, "missing_lines": [], "excluded_lines": [], "functions": {"": {"executed_lines": [1, 3, 4, 6, 9, 10, 11, 12, 15, 16, 17, 18, 19, 20, 21, 22, 25, 34, 35, 36, 38, 39, 42, 43, 44, 45, 46, 49, 50, 51, 53, 54, 55, 56, 57, 58, 59, 63, 67], "summary": {"covered_lines": 39, "num_statements": 39, "percent_covered": 100.0, "percent_covered_display": "100", "missing_lines": 0, "excluded_lines": 0, "percent_statements_covered": 100.0, "percent_statements_covered_display": "100"}, "missing_lines": [], "excluded_lines": [], "start_line": 1}}, "classes": {"Severity": {"executed_lines": [], "summary": {"covered_lines": 0, "num_statements": 0, "percent_covered": 100.0, "percent_covered_display": "100", "missing_lines": 0, "excluded_lines": 0, "percent_statements_covered": 100.0, "percent_statements_covered_display": "100"}, "missing_lines": [], "excluded_lines": [], "start_line": 9}, "Assertion": {"executed_lines": [], "summary": {"covered_lines": 0, "num_statements": 0, "percent_covered": 100.0, "percent_covered_display": "100", "missing_lines": 0, "excluded_lines": 0, "percent_statements_covered": 100.0, "percent_statements_covered_display": "100"}, "missing_lines": [], "excluded_lines": [], "start_line": 15}, "ComponentScore": {"executed_lines": [], "summary": {"covered_lines": 0, "num_statements": 0, "percent_covered": 100.0, "percent_covered_display": "100", "missing_lines": 0, "excluded_lines": 0, "percent_statements_covered": 100.0, "percent_statements_covered_display": "100"}, "missing_lines": [], "excluded_lines": [], "start_line": 34}, "ProfileInfo": {"executed_lines": [], "summary": {"covered_lines": 0, "num_statements": 0, "percent_covered": 100.0, "percent_covered_display": "100", "missing_lines": 0, "excluded_lines": 0, "percent_statements_covered": 100.0, "percent_statements_covered_display": "100"}, "missing_lines": [], "excluded_lines": [], "start_line": 42}, "DataQualityReport": {"executed_lines": [], "summary": {"covered_lines": 0, "num_statements": 0, "percent_covered": 100.0, "percent_covered_display": "100", "missing_lines": 0, "excluded_lines": 0, "percent_statements_covered": 100.0, "percent_statements_covered_display": "100"}, "missing_lines": [], "excluded_lines": [], "start_line": 49}, "": {"executed_lines": [1, 3, 4, 6, 9, 10, 11, 12, 15, 16, 17, 18, 19, 20, 21, 22, 25, 34, 35, 36, 38, 39, 42, 43, 44, 45, 46, 49, 50, 51, 53, 54, 55, 56, 57, 58, 59, 63, 67], "summary": {"covered_lines": 39, "num_statements": 39, "percent_covered": 100.0, "percent_covered_display": "100", "missing_lines": 0, "excluded_lines": 0, "percent_statements_covered": 100.0, "percent_statements_covered_display": "100"}, "missing_lines": [], "excluded_lines": [], "start_line": 1}}}, "apps/api/assertions/score.py": {"executed_lines": [17, 19, 21, 22, 29, 30, 31, 32, 34, 42, 45, 47, 48, 49, 50, 52, 53, 54, 55, 56, 57, 58, 59, 60, 61, 63, 64, 65, 66, 69, 71, 72, 73, 74, 75, 76, 77, 78, 79, 80, 81, 82, 83, 84, 85, 86, 89, 91, 92, 94, 95, 96, 97, 98, 102, 105, 120, 121, 123, 124, 131, 132, 134, 135, 136, 138, 139, 140, 141, 142, 147, 148, 149, 163, 164, 165, 166, 167, 184, 199, 200, 201, 202, 203, 207, 208, 209, 210, 211, 212, 214], "summary": {"covered_lines": 91, "num_statements": 93, "percent_covered": 97.84946236559139, "percent_covered_display": "98", "missing_lines": 2, "excluded_lines": 0, "percent_statements_covered": 97.84946236559139, "percent_statements_covered_display": "98"}, "missing_lines": [93, 205], "excluded_lines": [], "functions": {"_completeness_score": {"executed_lines": [47, 48, 49, 50, 52, 53, 54, 55, 56, 57, 58, 59, 60, 61, 63, 64, 65, 66], "summary": {"covered_lines": 18, "num_statements": 18, "percent_covered": 100.0, "percent_covered_display": "100", "missing_lines": 0, "excluded_lines": 0, "percent_statements_covered": 100.0, "percent_statements_covered_display": "100"}, "missing_lines": [], "excluded_lines": [], "start_line": 45}, "_plausibility_score": {"executed_lines": [71, 72, 73, 74, 75, 76, 77, 78, 79, 80, 81, 82, 83, 84, 85, 86], "summary": {"covered_lines": 16, "num_statements": 16, "percent_covered": 100.0, "percent_covered_display": "100", "missing_lines": 0, "excluded_lines": 0, "percent_statements_covered": 100.0, "percent_statements_covered_display": "100"}, "missing_lines": [], "excluded_lines": [], "start_line": 69}, "_history_depth_score": {"executed_lines": [91, 92, 94, 95, 96, 97, 98, 102], "summary": {"covered_lines": 8, "num_statements": 9, "percent_covered": 88.88888888888889, "percent_covered_display": "89", "missing_lines": 1, "excluded_lines": 0, "percent_statements_covered": 88.88888888888889, "percent_statements_covered_display": "89"}, "missing_lines": [93], "excluded_lines": [], "start_line": 89}, "compute_dq_report": {"executed_lines": [120, 121, 123, 124, 131, 132, 134, 135, 136, 138, 139, 140, 141, 142, 147, 148, 149, 163, 164, 165, 166, 167, 184, 199, 200, 201, 202, 203, 207, 208, 209, 210, 211, 212, 214], "summary": {"covered_lines": 35, "num_statements": 36, "percent_covered": 97.22222222222223, "percent_covered_display": "97", "missing_lines": 1, "excluded_lines": 0, "percent_statements_covered": 97.22222222222223, "percent_statements_covered_display": "97"}, "missing_lines": [205], "excluded_lines": [], "start_line": 105}, "": {"executed_lines": [17, 19, 21, 22, 29, 30, 31, 32, 34, 42, 45, 69, 89, 105], "summary": {"covered_lines": 14, "num_statements": 14, "percent_covered": 100.0, "percent_covered_display": "100", "missing_lines": 0, "excluded_lines": 0, "percent_statements_covered": 100.0, "percent_statements_covered_display": "100"}, "missing_lines": [], "excluded_lines": [], "start_line": 1}}, "classes": {"": {"executed_lines": [17, 19, 21, 22, 29, 30, 31, 32, 34, 42, 45, 47, 48, 49, 50, 52, 53, 54, 55, 56, 57, 58, 59, 60, 61, 63, 64, 65, 66, 69, 71, 72, 73, 74, 75, 76, 77, 78, 79, 80, 81, 82, 83, 84, 85, 86, 89, 91, 92, 94, 95, 96, 97, 98, 102, 105, 120, 121, 123, 124, 131, 132, 134, 135, 136, 138, 139, 140, 141, 142, 147, 148, 149, 163, 164, 165, 166, 167, 184, 199, 200, 201, 202, 203, 207, 208, 209, 210, 211, 212, 214], "summary": {"covered_lines": 91, "num_statements": 93, "percent_covered": 97.84946236559139, "percent_covered_display": "98", "missing_lines": 2, "excluded_lines": 0, "percent_statements_covered": 97.84946236559139, "percent_statements_covered_display": "98"}, "missing_lines": [93, 205], "excluded_lines": [], "start_line": 1}}}, "apps/api/assertions/stationarity.py": {"executed_lines": [12, 14, 16, 17, 18, 21, 22, 23, 24, 25, 26, 27, 28, 31, 37, 38, 39, 50, 52, 53, 55, 56, 57, 58, 59, 60, 62, 63, 64, 65, 67, 68, 69, 72, 73, 75, 76, 77, 78, 79, 80, 81, 84, 86, 88, 89, 93, 95, 96, 98, 99, 100, 101, 102, 103, 104, 106, 107, 108, 111, 112, 113, 114, 115, 116, 117, 119, 128, 129, 130, 131, 134, 136], "summary": {"covered_lines": 73, "num_statements": 88, "percent_covered": 82.95454545454545, "percent_covered_display": "83", "missing_lines": 15, "excluded_lines": 0, "percent_statements_covered": 82.95454545454545, "percent_statements_covered_display": "83"}, "missing_lines": [40, 41, 42, 43, 44, 45, 46, 47, 54, 61, 74, 87, 90, 109, 110], "excluded_lines": [], "functions": {"_pettitt": {"executed_lines": [37, 38, 39], "summary": {"covered_lines": 3, "num_statements": 11, "percent_covered": 27.272727272727273, "percent_covered_display": "27", "missing_lines": 8, "excluded_lines": 0, "percent_statements_covered": 27.272727272727273, "percent_statements_covered_display": "27"}, "missing_lines": [40, 41, 42, 43, 44, 45, 46, 47], "excluded_lines": [], "start_line": 31}, "_mann_kendall": {"executed_lines": [52, 53, 55, 56, 57, 58, 59, 60, 62, 63, 64, 65, 67, 68, 69], "summary": {"covered_lines": 15, "num_statements": 17, "percent_covered": 88.23529411764706, "percent_covered_display": "88", "missing_lines": 2, "excluded_lines": 0, "percent_statements_covered": 88.23529411764706, "percent_statements_covered_display": "88"}, "missing_lines": [54, 61], "excluded_lines": [], "start_line": 50}, "_rolling_shift_zscore": {"executed_lines": [73, 75, 76, 77, 78, 79, 80, 81], "summary": {"covered_lines": 8, "num_statements": 9, "percent_covered": 88.88888888888889, "percent_covered_display": "89", "missing_lines": 1, "excluded_lines": 0, "percent_statements_covered": 88.88888888888889, "percent_statements_covered_display": "89"}, "missing_lines": [74], "excluded_lines": [], "start_line": 72}, "_frequency_window": {"executed_lines": [86, 88, 89], "summary": {"covered_lines": 3, "num_statements": 5, "percent_covered": 60.0, "percent_covered_display": "60", "missing_lines": 2, "excluded_lines": 0, "percent_statements_covered": 60.0, "percent_statements_covered_display": "60"}, "missing_lines": [87, 90], "excluded_lines": [], "start_line": 84}, "evaluate_panel": {"executed_lines": [95, 96, 98, 99, 100, 101, 102, 103, 104, 106, 107, 108, 111, 112, 113, 114, 115, 116, 117, 119, 128, 129, 130, 131], "summary": {"covered_lines": 24, "num_statements": 26, "percent_covered": 92.3076923076923, "percent_covered_display": "92", "missing_lines": 2, "excluded_lines": 0, "percent_statements_covered": 92.3076923076923, "percent_statements_covered_display": "92"}, "missing_lines": [109, 110], "excluded_lines": [], "start_line": 93}, "regime_break_skus": {"executed_lines": [136], "summary": {"covered_lines": 1, "num_statements": 1, "percent_covered": 100.0, "percent_covered_display": "100", "missing_lines": 0, "excluded_lines": 0, "percent_statements_covered": 100.0, "percent_statements_covered_display": "100"}, "missing_lines": [], "excluded_lines": [], "start_line": 134}, "": {"executed_lines": [12, 14, 16, 17, 18, 21, 22, 23, 24, 25, 26, 27, 28, 31, 50, 72, 84, 93, 134], "summary": {"covered_lines": 19, "num_statements": 19, "percent_covered": 100.0, "percent_covered_display": "100", "missing_lines": 0, "excluded_lines": 0, "percent_statements_covered": 100.0, "percent_statements_covered_display": "100"}, "missing_lines": [], "excluded_lines": [], "start_line": 1}}, "classes": {"StationarityFlag": {"executed_lines": [], "summary": {"covered_lines": 0, "num_statements": 0, "percent_covered": 100.0, "percent_covered_display": "100", "missing_lines": 0, "excluded_lines": 0, "percent_statements_covered": 100.0, "percent_statements_covered_display": "100"}, "missing_lines": [], "excluded_lines": [], "start_line": 22}, "": {"executed_lines": [12, 14, 16, 17, 18, 21, 22, 23, 24, 25, 26, 27, 28, 31, 37, 38, 39, 50, 52, 53, 55, 56, 57, 58, 59, 60, 62, 63, 64, 65, 67, 68, 69, 72, 73, 75, 76, 77, 78, 79, 80, 81, 84, 86, 88, 89, 93, 95, 96, 98, 99, 100, 101, 102, 103, 104, 106, 107, 108, 111, 112, 113, 114, 115, 116, 117, 119, 128, 129, 130, 131, 134, 136], "summary": {"covered_lines": 73, "num_statements": 88, "percent_covered": 82.95454545454545, "percent_covered_display": "83", "missing_lines": 15, "excluded_lines": 0, "percent_statements_covered": 82.95454545454545, "percent_statements_covered_display": "83"}, "missing_lines": [40, 41, 42, 43, 44, 45, 46, 47, 54, 61, 74, 87, 90, 109, 110], "excluded_lines": [], "start_line": 1}}}, "apps/api/assertions/statistical.py": {"executed_lines": [14, 16, 18, 19, 21, 23, 27, 28, 29, 30, 31, 32, 33, 34, 37, 38, 39, 40, 41, 42, 43, 46, 47, 48, 49, 50, 51, 54, 55, 56, 64, 66, 67, 76, 78, 79, 81, 82, 83, 84, 86, 87, 88, 89, 90, 91, 95, 97, 98, 99, 100, 102, 103, 105, 106, 109, 118, 119, 120, 122, 123, 124, 125, 126, 127, 128, 129, 130, 132, 133, 134, 135, 136, 144, 145, 147, 148, 149, 151, 152, 153, 154, 155, 156, 159], "summary": {"covered_lines": 85, "num_statements": 96, "percent_covered": 88.54166666666667, "percent_covered_display": "89", "missing_lines": 11, "excluded_lines": 0, "percent_statements_covered": 88.54166666666667, "percent_statements_covered_display": "89"}, "missing_lines": [57, 58, 59, 60, 61, 80, 85, 92, 101, 104, 131], "excluded_lines": [], "functions": {"_autocorr": {"executed_lines": [38, 39, 40, 41, 42, 43], "summary": {"covered_lines": 6, "num_statements": 6, "percent_covered": 100.0, "percent_covered_display": "100", "missing_lines": 0, "excluded_lines": 0, "percent_statements_covered": 100.0, "percent_statements_covered_display": "100"}, "missing_lines": [], "excluded_lines": [], "start_line": 37}, "_trend_slope_pct": {"executed_lines": [47, 48, 49, 50, 51], "summary": {"covered_lines": 5, "num_statements": 5, "percent_covered": 100.0, "percent_covered_display": "100", "missing_lines": 0, "excluded_lines": 0, "percent_statements_covered": 100.0, "percent_statements_covered_display": "100"}, "missing_lines": [], "excluded_lines": [], "start_line": 46}, "_regime_shift_score": {"executed_lines": [55, 56], "summary": {"covered_lines": 2, "num_statements": 7, "percent_covered": 28.571428571428573, "percent_covered_display": "29", "missing_lines": 5, "excluded_lines": 0, "percent_statements_covered": 28.571428571428573, "percent_statements_covered_display": "29"}, "missing_lines": [57, 58, 59, 60, 61], "excluded_lines": [], "start_line": 54}, "metrics_for_sku": {"executed_lines": [66, 67], "summary": {"covered_lines": 2, "num_statements": 2, "percent_covered": 100.0, "percent_covered_display": "100", "missing_lines": 0, "excluded_lines": 0, "percent_statements_covered": 100.0, "percent_statements_covered_display": "100"}, "missing_lines": [], "excluded_lines": [], "start_line": 64}, "_matched_dept_row": {"executed_lines": [78, 79, 81, 82, 83, 84, 86, 87, 88, 89, 90, 91], "summary": {"covered_lines": 12, "num_statements": 15, "percent_covered": 80.0, "percent_covered_display": "80", "missing_lines": 3, "excluded_lines": 0, "percent_statements_covered": 80.0, "percent_statements_covered_display": "80"}, "missing_lines": [80, 85, 92], "excluded_lines": [], "start_line": 76}, "panel_metric_medians": {"executed_lines": [97, 98, 99, 100, 102, 103, 105, 106], "summary": {"covered_lines": 8, "num_statements": 10, "percent_covered": 80.0, "percent_covered_display": "80", "missing_lines": 2, "excluded_lines": 0, "percent_statements_covered": 80.0, "percent_statements_covered_display": "80"}, "missing_lines": [101, 104], "excluded_lines": [], "start_line": 95}, "evaluate_panel": {"executed_lines": [118, 119, 120, 122, 123, 124, 125, 126, 127, 128, 129, 130, 132, 133, 134, 135, 136, 144, 145, 147, 148, 149, 151, 152, 153, 154, 155, 156, 159], "summary": {"covered_lines": 29, "num_statements": 30, "percent_covered": 96.66666666666667, "percent_covered_display": "97", "missing_lines": 1, "excluded_lines": 0, "percent_statements_covered": 96.66666666666667, "percent_statements_covered_display": "97"}, "missing_lines": [131], "excluded_lines": [], "start_line": 109}, "": {"executed_lines": [14, 16, 18, 19, 21, 23, 27, 28, 29, 30, 31, 32, 33, 34, 37, 46, 54, 64, 76, 95, 109], "summary": {"covered_lines": 21, "num_statements": 21, "percent_covered": 100.0, "percent_covered_display": "100", "missing_lines": 0, "excluded_lines": 0, "percent_statements_covered": 100.0, "percent_statements_covered_display": "100"}, "missing_lines": [], "excluded_lines": [], "start_line": 1}}, "classes": {"DistributionAnomaly": {"executed_lines": [], "summary": {"covered_lines": 0, "num_statements": 0, "percent_covered": 100.0, "percent_covered_display": "100", "missing_lines": 0, "excluded_lines": 0, "percent_statements_covered": 100.0, "percent_statements_covered_display": "100"}, "missing_lines": [], "excluded_lines": [], "start_line": 28}, "": {"executed_lines": [14, 16, 18, 19, 21, 23, 27, 28, 29, 30, 31, 32, 33, 34, 37, 38, 39, 40, 41, 42, 43, 46, 47, 48, 49, 50, 51, 54, 55, 56, 64, 66, 67, 76, 78, 79, 81, 82, 83, 84, 86, 87, 88, 89, 90, 91, 95, 97, 98, 99, 100, 102, 103, 105, 106, 109, 118, 119, 120, 122, 123, 124, 125, 126, 127, 128, 129, 130, 132, 133, 134, 135, 136, 144, 145, 147, 148, 149, 151, 152, 153, 154, 155, 156, 159], "summary": {"covered_lines": 85, "num_statements": 96, "percent_covered": 88.54166666666667, "percent_covered_display": "89", "missing_lines": 11, "excluded_lines": 0, "percent_statements_covered": 88.54166666666667, "percent_statements_covered_display": "89"}, "missing_lines": [57, 58, 59, 60, 61, 80, 85, 92, 101, 104, 131], "excluded_lines": [], "start_line": 1}}}, "apps/api/config.py": {"executed_lines": [1, 3, 4, 5, 7, 8, 13, 14, 15, 18, 19, 26, 27, 28, 30, 31, 32, 34, 35, 37, 38, 39, 41, 42, 43, 45, 46, 47, 48, 51, 52, 53], "summary": {"covered_lines": 32, "num_statements": 32, "percent_covered": 100.0, "percent_covered_display": "100", "missing_lines": 0, "excluded_lines": 0, "percent_statements_covered": 100.0, "percent_statements_covered_display": "100"}, "missing_lines": [], "excluded_lines": [], "functions": {"Settings.cors_origin_list": {"executed_lines": [39], "summary": {"covered_lines": 1, "num_statements": 1, "percent_covered": 100.0, "percent_covered_display": "100", "missing_lines": 0, "excluded_lines": 0, "percent_statements_covered": 100.0, "percent_statements_covered_display": "100"}, "missing_lines": [], "excluded_lines": [], "start_line": 38}, "Settings.data_path": {"executed_lines": [43], "summary": {"covered_lines": 1, "num_statements": 1, "percent_covered": 100.0, "percent_covered_display": "100", "missing_lines": 0, "excluded_lines": 0, "percent_statements_covered": 100.0, "percent_statements_covered_display": "100"}, "missing_lines": [], "excluded_lines": [], "start_line": 42}, "Settings.m5_artifacts_path": {"executed_lines": [47, 48], "summary": {"covered_lines": 2, "num_statements": 2, "percent_covered": 100.0, "percent_covered_display": "100", "missing_lines": 0, "excluded_lines": 0, "percent_statements_covered": 100.0, "percent_statements_covered_display": "100"}, "missing_lines": [], "excluded_lines": [], "start_line": 46}, "get_settings": {"executed_lines": [53], "summary": {"covered_lines": 1, "num_statements": 1, "percent_covered": 100.0, "percent_covered_display": "100", "missing_lines": 0, "excluded_lines": 0, "percent_statements_covered": 100.0, "percent_statements_covered_display": "100"}, "missing_lines": [], "excluded_lines": [], "start_line": 52}, "": {"executed_lines": [1, 3, 4, 5, 7, 8, 13, 14, 15, 18, 19, 26, 27, 28, 30, 31, 32, 34, 35, 37, 38, 41, 42, 45, 46, 51, 52], "summary": {"covered_lines": 27, "num_statements": 27, "percent_covered": 100.0, "percent_covered_display": "100", "missing_lines": 0, "excluded_lines": 0, "percent_statements_covered": 100.0, "percent_statements_covered_display": "100"}, "missing_lines": [], "excluded_lines": [], "start_line": 1}}, "classes": {"Settings": {"executed_lines": [39, 43, 47, 48], "summary": {"covered_lines": 4, "num_statements": 4, "percent_covered": 100.0, "percent_covered_display": "100", "missing_lines": 0, "excluded_lines": 0, "percent_statements_covered": 100.0, "percent_statements_covered_display": "100"}, "missing_lines": [], "excluded_lines": [], "start_line": 18}, "": {"executed_lines": [1, 3, 4, 5, 7, 8, 13, 14, 15, 18, 19, 26, 27, 28, 30, 31, 32, 34, 35, 37, 38, 41, 42, 45, 46, 51, 52, 53], "summary": {"covered_lines": 28, "num_statements": 28, "percent_covered": 100.0, "percent_covered_display": "100", "missing_lines": 0, "excluded_lines": 0, "percent_statements_covered": 100.0, "percent_statements_covered_display": "100"}, "missing_lines": [], "excluded_lines": [], "start_line": 1}}}, "apps/api/db.py": {"executed_lines": [1, 3, 4, 5, 7, 9, 12, 13, 14, 15, 18, 19, 20, 21, 23, 24, 25, 27, 30, 31, 45, 46, 47, 50, 51, 65, 77, 78, 81, 82, 98, 107, 119, 121, 122, 123], "summary": {"covered_lines": 36, "num_statements": 37, "percent_covered": 97.29729729729729, "percent_covered_display": "97", "missing_lines": 1, "excluded_lines": 0, "percent_statements_covered": 97.29729729729729, "percent_statements_covered_display": "97"}, "missing_lines": [22], "excluded_lines": [], "functions": {"dataset_path": {"executed_lines": [13, 14, 15], "summary": {"covered_lines": 3, "num_statements": 3, "percent_covered": 100.0, "percent_covered_display": "100", "missing_lines": 0, "excluded_lines": 0, "percent_statements_covered": 100.0, "percent_statements_covered_display": "100"}, "missing_lines": [], "excluded_lines": [], "start_line": 12}, "open_dataset": {"executed_lines": [20, 21, 23, 24, 25, 27], "summary": {"covered_lines": 6, "num_statements": 7, "percent_covered": 85.71428571428571, "percent_covered_display": "86", "missing_lines": 1, "excluded_lines": 0, "percent_statements_covered": 85.71428571428571, "percent_statements_covered_display": "86"}, "missing_lines": [22], "excluded_lines": [], "start_line": 19}, "ensure_panel_table": {"executed_lines": [31, 45, 46, 47], "summary": {"covered_lines": 4, "num_statements": 4, "percent_covered": 100.0, "percent_covered_display": "100", "missing_lines": 0, "excluded_lines": 0, "percent_statements_covered": 100.0, "percent_statements_covered_display": "100"}, "missing_lines": [], "excluded_lines": [], "start_line": 30}, "ensure_supplier_tables": {"executed_lines": [51, 65, 77, 78], "summary": {"covered_lines": 4, "num_statements": 4, "percent_covered": 100.0, "percent_covered_display": "100", "missing_lines": 0, "excluded_lines": 0, "percent_statements_covered": 100.0, "percent_statements_covered_display": "100"}, "missing_lines": [], "excluded_lines": [], "start_line": 50}, "ensure_purchase_order_tables": {"executed_lines": [82, 98, 107], "summary": {"covered_lines": 3, "num_statements": 3, "percent_covered": 100.0, "percent_covered_display": "100", "missing_lines": 0, "excluded_lines": 0, "percent_statements_covered": 100.0, "percent_statements_covered_display": "100"}, "missing_lines": [], "excluded_lines": [], "start_line": 81}, "ensure_all_tables": {"executed_lines": [121, 122, 123], "summary": {"covered_lines": 3, "num_statements": 3, "percent_covered": 100.0, "percent_covered_display": "100", "missing_lines": 0, "excluded_lines": 0, "percent_statements_covered": 100.0, "percent_statements_covered_display": "100"}, "missing_lines": [], "excluded_lines": [], "start_line": 119}, "": {"executed_lines": [1, 3, 4, 5, 7, 9, 12, 18, 19, 30, 50, 81, 119], "summary": {"covered_lines": 13, "num_statements": 13, "percent_covered": 100.0, "percent_covered_display": "100", "missing_lines": 0, "excluded_lines": 0, "percent_statements_covered": 100.0, "percent_statements_covered_display": "100"}, "missing_lines": [], "excluded_lines": [], "start_line": 1}}, "classes": {"": {"executed_lines": [1, 3, 4, 5, 7, 9, 12, 13, 14, 15, 18, 19, 20, 21, 23, 24, 25, 27, 30, 31, 45, 46, 47, 50, 51, 65, 77, 78, 81, 82, 98, 107, 119, 121, 122, 123], "summary": {"covered_lines": 36, "num_statements": 37, "percent_covered": 97.29729729729729, "percent_covered_display": "97", "missing_lines": 1, "excluded_lines": 0, "percent_statements_covered": 97.29729729729729, "percent_statements_covered_display": "97"}, "missing_lines": [22], "excluded_lines": [], "start_line": 1}}}, "apps/api/forecasting/__init__.py": {"executed_lines": [], "summary": {"covered_lines": 0, "num_statements": 0, "percent_covered": 100.0, "percent_covered_display": "100", "missing_lines": 0, "excluded_lines": 0, "percent_statements_covered": 100.0, "percent_statements_covered_display": "100"}, "missing_lines": [], "excluded_lines": [], "functions": {"": {"executed_lines": [], "summary": {"covered_lines": 0, "num_statements": 0, "percent_covered": 100.0, "percent_covered_display": "100", "missing_lines": 0, "excluded_lines": 0, "percent_statements_covered": 100.0, "percent_statements_covered_display": "100"}, "missing_lines": [], "excluded_lines": [], "start_line": 1}}, "classes": {"": {"executed_lines": [], "summary": {"covered_lines": 0, "num_statements": 0, "percent_covered": 100.0, "percent_covered_display": "100", "missing_lines": 0, "excluded_lines": 0, "percent_statements_covered": 100.0, "percent_statements_covered_display": "100"}, "missing_lines": [], "excluded_lines": [], "start_line": 1}}}, "apps/api/forecasting/backtest.py": {"executed_lines": [7, 9, 10, 12, 13, 18, 26, 34, 36, 37, 38, 39, 40, 42, 43, 46, 55, 56, 57, 59, 60, 61, 66, 67, 68, 69, 70, 71, 73, 74, 75, 76, 79, 81, 82, 84, 95, 97, 111, 112, 114, 116, 119, 120, 121, 123], "summary": {"covered_lines": 46, "num_statements": 52, "percent_covered": 88.46153846153847, "percent_covered_display": "88", "missing_lines": 6, "excluded_lines": 0, "percent_statements_covered": 88.46153846153847, "percent_statements_covered_display": "88"}, "missing_lines": [41, 77, 78, 113, 115, 122], "excluded_lines": [], "functions": {"rolling_origin_cutoffs": {"executed_lines": [36, 37, 38, 39, 40, 42, 43], "summary": {"covered_lines": 7, "num_statements": 8, "percent_covered": 87.5, "percent_covered_display": "88", "missing_lines": 1, "excluded_lines": 0, "percent_statements_covered": 87.5, "percent_statements_covered_display": "88"}, "missing_lines": [41], "excluded_lines": [], "start_line": 34}, "backtest_sku": {"executed_lines": [55, 56, 57, 59, 60, 61, 66, 67, 68, 69, 70, 71, 73, 74, 75, 76, 79, 81, 82, 84, 95, 97], "summary": {"covered_lines": 22, "num_statements": 24, "percent_covered": 91.66666666666667, "percent_covered_display": "92", "missing_lines": 2, "excluded_lines": 0, "percent_statements_covered": 91.66666666666667, "percent_statements_covered_display": "92"}, "missing_lines": [77, 78], "excluded_lines": [], "start_line": 46}, "_safe": {"executed_lines": [112, 114, 116], "summary": {"covered_lines": 3, "num_statements": 5, "percent_covered": 60.0, "percent_covered_display": "60", "missing_lines": 2, "excluded_lines": 0, "percent_statements_covered": 60.0, "percent_statements_covered_display": "60"}, "missing_lines": [113, 115], "excluded_lines": [], "start_line": 111}, "_agg": {"executed_lines": [120, 121, 123], "summary": {"covered_lines": 3, "num_statements": 4, "percent_covered": 75.0, "percent_covered_display": "75", "missing_lines": 1, "excluded_lines": 0, "percent_statements_covered": 75.0, "percent_statements_covered_display": "75"}, "missing_lines": [122], "excluded_lines": [], "start_line": 119}, "": {"executed_lines": [7, 9, 10, 12, 13, 18, 26, 34, 46, 111, 119], "summary": {"covered_lines": 11, "num_statements": 11, "percent_covered": 100.0, "percent_covered_display": "100", "missing_lines": 0, "excluded_lines": 0, "percent_statements_covered": 100.0, "percent_statements_covered_display": "100"}, "missing_lines": [], "excluded_lines": [], "start_line": 1}}, "classes": {"": {"executed_lines": [7, 9, 10, 12, 13, 18, 26, 34, 36, 37, 38, 39, 40, 42, 43, 46, 55, 56, 57, 59, 60, 61, 66, 67, 68, 69, 70, 71, 73, 74, 75, 76, 79, 81, 82, 84, 95, 97, 111, 112, 114, 116, 119, 120, 121, 123], "summary": {"covered_lines": 46, "num_statements": 52, "percent_covered": 88.46153846153847, "percent_covered_display": "88", "missing_lines": 6, "excluded_lines": 0, "percent_statements_covered": 88.46153846153847, "percent_statements_covered_display": "88"}, "missing_lines": [41, 77, 78, 113, 115, 122], "excluded_lines": [], "start_line": 1}}}, "apps/api/forecasting/bayes.py": {"executed_lines": [17, 19, 21, 22, 23, 26, 27, 28, 29, 30, 31, 33, 34, 35, 38, 39, 40, 41, 42, 43, 44, 45, 48, 53, 54, 55, 56, 57, 58, 59, 60, 62, 63, 64, 67, 69, 70, 71, 72, 75, 79, 80, 81, 84, 94, 95, 96, 97, 98, 100, 101, 102, 103, 113, 118, 120], "summary": {"covered_lines": 56, "num_statements": 58, "percent_covered": 96.55172413793103, "percent_covered_display": "97", "missing_lines": 2, "excluded_lines": 0, "percent_statements_covered": 96.55172413793103, "percent_statements_covered_display": "97"}, "missing_lines": [61, 119], "excluded_lines": [], "functions": {"GammaPrior.default": {"executed_lines": [35], "summary": {"covered_lines": 1, "num_statements": 1, "percent_covered": 100.0, "percent_covered_display": "100", "missing_lines": 0, "excluded_lines": 0, "percent_statements_covered": 100.0, "percent_statements_covered_display": "100"}, "missing_lines": [], "excluded_lines": [], "start_line": 34}, "fit_prior_from_means": {"executed_lines": [53, 54, 55, 56, 57, 58, 59, 60, 62, 63, 64], "summary": {"covered_lines": 11, "num_statements": 12, "percent_covered": 91.66666666666667, "percent_covered_display": "92", "missing_lines": 1, "excluded_lines": 0, "percent_statements_covered": 91.66666666666667, "percent_statements_covered_display": "92"}, "missing_lines": [61], "excluded_lines": [], "start_line": 48}, "posterior": {"executed_lines": [69, 70, 71, 72], "summary": {"covered_lines": 4, "num_statements": 4, "percent_covered": 100.0, "percent_covered_display": "100", "missing_lines": 0, "excluded_lines": 0, "percent_statements_covered": 100.0, "percent_statements_covered_display": "100"}, "missing_lines": [], "excluded_lines": [], "start_line": 67}, "predictive_quantiles": {"executed_lines": [79, 80, 81], "summary": {"covered_lines": 3, "num_statements": 3, "percent_covered": 100.0, "percent_covered_display": "100", "missing_lines": 0, "excluded_lines": 0, "percent_statements_covered": 100.0, "percent_statements_covered_display": "100"}, "missing_lines": [], "excluded_lines": [], "start_line": 75}, "forecast_bayes_cold_start": {"executed_lines": [94, 95, 96, 97, 98, 100, 101, 102, 103], "summary": {"covered_lines": 9, "num_statements": 9, "percent_covered": 100.0, "percent_covered_display": "100", "missing_lines": 0, "excluded_lines": 0, "percent_statements_covered": 100.0, "percent_statements_covered_display": "100"}, "missing_lines": [], "excluded_lines": [], "start_line": 84}, "prior_weight_fraction": {"executed_lines": [118, 120], "summary": {"covered_lines": 2, "num_statements": 3, "percent_covered": 66.66666666666667, "percent_covered_display": "67", "missing_lines": 1, "excluded_lines": 0, "percent_statements_covered": 66.66666666666667, "percent_statements_covered_display": "67"}, "missing_lines": [119], "excluded_lines": [], "start_line": 113}, "": {"executed_lines": [17, 19, 21, 22, 23, 26, 27, 28, 29, 30, 31, 33, 34, 38, 39, 40, 41, 42, 43, 44, 45, 48, 67, 75, 84, 113], "summary": {"covered_lines": 26, "num_statements": 26, "percent_covered": 100.0, "percent_covered_display": "100", "missing_lines": 0, "excluded_lines": 0, "percent_statements_covered": 100.0, "percent_statements_covered_display": "100"}, "missing_lines": [], "excluded_lines": [], "start_line": 1}}, "classes": {"GammaPrior": {"executed_lines": [35], "summary": {"covered_lines": 1, "num_statements": 1, "percent_covered": 100.0, "percent_covered_display": "100", "missing_lines": 0, "excluded_lines": 0, "percent_statements_covered": 100.0, "percent_statements_covered_display": "100"}, "missing_lines": [], "excluded_lines": [], "start_line": 27}, "BayesPosterior": {"executed_lines": [], "summary": {"covered_lines": 0, "num_statements": 0, "percent_covered": 100.0, "percent_covered_display": "100", "missing_lines": 0, "excluded_lines": 0, "percent_statements_covered": 100.0, "percent_statements_covered_display": "100"}, "missing_lines": [], "excluded_lines": [], "start_line": 39}, "": {"executed_lines": [17, 19, 21, 22, 23, 26, 27, 28, 29, 30, 31, 33, 34, 38, 39, 40, 41, 42, 43, 44, 45, 48, 53, 54, 55, 56, 57, 58, 59, 60, 62, 63, 64, 67, 69, 70, 71, 72, 75, 79, 80, 81, 84, 94, 95, 96, 97, 98, 100, 101, 102, 103, 113, 118, 120], "summary": {"covered_lines": 55, "num_statements": 57, "percent_covered": 96.49122807017544, "percent_covered_display": "96", "missing_lines": 2, "excluded_lines": 0, "percent_statements_covered": 96.49122807017544, "percent_statements_covered_display": "96"}, "missing_lines": [61, 119], "excluded_lines": [], "start_line": 1}}}, "apps/api/forecasting/characterize.py": {"executed_lines": [8, 10, 11, 13, 15, 18, 19, 20, 21, 22, 28, 29, 30, 32, 33, 34, 35, 36, 37, 39, 42, 43, 44, 45, 46, 49, 59, 60, 61, 62, 64, 65, 66, 67, 68, 69, 70, 71, 74, 75, 76, 77, 90, 91, 93, 94, 95, 98, 99, 100, 108, 116, 117, 120, 122, 123, 124, 127, 128, 129, 130, 131, 132, 133, 134, 136], "summary": {"covered_lines": 66, "num_statements": 80, "percent_covered": 82.5, "percent_covered_display": "82", "missing_lines": 14, "excluded_lines": 0, "percent_statements_covered": 82.5, "percent_statements_covered_display": "82"}, "missing_lines": [23, 24, 25, 31, 38, 92, 101, 102, 103, 104, 105, 118, 125, 135], "excluded_lines": [], "functions": {"_seasonal_lags": {"executed_lines": [19, 20, 21, 22], "summary": {"covered_lines": 4, "num_statements": 7, "percent_covered": 57.142857142857146, "percent_covered_display": "57", "missing_lines": 3, "excluded_lines": 0, "percent_statements_covered": 57.142857142857146, "percent_statements_covered_display": "57"}, "missing_lines": [23, 24, 25], "excluded_lines": [], "start_line": 18}, "_autocorr": {"executed_lines": [29, 30, 32, 33, 34, 35, 36, 37, 39], "summary": {"covered_lines": 9, "num_statements": 11, "percent_covered": 81.81818181818181, "percent_covered_display": "82", "missing_lines": 2, "excluded_lines": 0, "percent_statements_covered": 81.81818181818181, "percent_statements_covered_display": "82"}, "missing_lines": [31, 38], "excluded_lines": [], "start_line": 28}, "_has_significant_seasonality": {"executed_lines": [43, 44, 45, 46], "summary": {"covered_lines": 4, "num_statements": 4, "percent_covered": 100.0, "percent_covered_display": "100", "missing_lines": 0, "excluded_lines": 0, "percent_statements_covered": 100.0, "percent_statements_covered_display": "100"}, "missing_lines": [], "excluded_lines": [], "start_line": 42}, "characterize_series": {"executed_lines": [59, 60, 61, 62, 64, 65, 66, 67, 68, 69, 70, 71], "summary": {"covered_lines": 12, "num_statements": 12, "percent_covered": 100.0, "percent_covered_display": "100", "missing_lines": 0, "excluded_lines": 0, "percent_statements_covered": 100.0, "percent_statements_covered_display": "100"}, "missing_lines": [], "excluded_lines": [], "start_line": 49}, "_classifier_features": {"executed_lines": [75, 76, 77], "summary": {"covered_lines": 3, "num_statements": 3, "percent_covered": 100.0, "percent_covered_display": "100", "missing_lines": 0, "excluded_lines": 0, "percent_statements_covered": 100.0, "percent_statements_covered_display": "100"}, "missing_lines": [], "excluded_lines": [], "start_line": 74}, "_trend_slope_pct": {"executed_lines": [91, 93, 94, 95], "summary": {"covered_lines": 4, "num_statements": 5, "percent_covered": 80.0, "percent_covered_display": "80", "missing_lines": 1, "excluded_lines": 0, "percent_statements_covered": 80.0, "percent_statements_covered_display": "80"}, "missing_lines": [92], "excluded_lines": [], "start_line": 90}, "_regime_shift_ratio": {"executed_lines": [99, 100], "summary": {"covered_lines": 2, "num_statements": 7, "percent_covered": 28.571428571428573, "percent_covered_display": "29", "missing_lines": 5, "excluded_lines": 0, "percent_statements_covered": 28.571428571428573, "percent_statements_covered_display": "29"}, "missing_lines": [101, 102, 103, 104, 105], "excluded_lines": [], "start_line": 98}, "characterize_with_classifier": {"executed_lines": [116, 117, 120, 122, 123, 124, 127, 128, 129, 130, 131, 132, 133, 134, 136], "summary": {"covered_lines": 15, "num_statements": 18, "percent_covered": 83.33333333333333, "percent_covered_display": "83", "missing_lines": 3, "excluded_lines": 0, "percent_statements_covered": 83.33333333333333, "percent_statements_covered_display": "83"}, "missing_lines": [118, 125, 135], "excluded_lines": [], "start_line": 108}, "": {"executed_lines": [8, 10, 11, 13, 15, 18, 28, 42, 49, 74, 90, 98, 108], "summary": {"covered_lines": 13, "num_statements": 13, "percent_covered": 100.0, "percent_covered_display": "100", "missing_lines": 0, "excluded_lines": 0, "percent_statements_covered": 100.0, "percent_statements_covered_display": "100"}, "missing_lines": [], "excluded_lines": [], "start_line": 1}}, "classes": {"": {"executed_lines": [8, 10, 11, 13, 15, 18, 19, 20, 21, 22, 28, 29, 30, 32, 33, 34, 35, 36, 37, 39, 42, 43, 44, 45, 46, 49, 59, 60, 61, 62, 64, 65, 66, 67, 68, 69, 70, 71, 74, 75, 76, 77, 90, 91, 93, 94, 95, 98, 99, 100, 108, 116, 117, 120, 122, 123, 124, 127, 128, 129, 130, 131, 132, 133, 134, 136], "summary": {"covered_lines": 66, "num_statements": 80, "percent_covered": 82.5, "percent_covered_display": "82", "missing_lines": 14, "excluded_lines": 0, "percent_statements_covered": 82.5, "percent_statements_covered_display": "82"}, "missing_lines": [23, 24, 25, 31, 38, 92, 101, 102, 103, 104, 105, 118, 125, 135], "excluded_lines": [], "start_line": 1}}}, "apps/api/forecasting/classical.py": {"executed_lines": [8, 10, 12, 13, 14, 15, 23, 25, 26, 28, 29, 32, 33, 34, 35, 36, 39, 40, 41, 42, 43, 44, 45, 46, 52, 53, 54, 55, 56, 57, 58, 61, 67, 68, 74, 75, 76, 77, 80, 94, 97, 98, 100, 101, 102, 103, 104, 105, 106, 107, 108, 109, 110, 111, 113, 114, 115, 116, 117, 118, 121, 123], "summary": {"covered_lines": 62, "num_statements": 71, "percent_covered": 87.32394366197182, "percent_covered_display": "87", "missing_lines": 9, "excluded_lines": 0, "percent_statements_covered": 87.32394366197182, "percent_statements_covered_display": "87"}, "missing_lines": [47, 48, 49, 69, 70, 71, 72, 73, 95], "excluded_lines": [], "functions": {"_select_model": {"executed_lines": [40, 41, 42, 43, 44, 45, 46], "summary": {"covered_lines": 7, "num_statements": 10, "percent_covered": 70.0, "percent_covered_display": "70", "missing_lines": 3, "excluded_lines": 0, "percent_statements_covered": 70.0, "percent_statements_covered_display": "70"}, "missing_lines": [47, 48, 49], "excluded_lines": [], "start_line": 39}, "_normal_quantiles": {"executed_lines": [53, 54, 55, 56, 57, 58], "summary": {"covered_lines": 6, "num_statements": 6, "percent_covered": 100.0, "percent_covered_display": "100", "missing_lines": 0, "excluded_lines": 0, "percent_statements_covered": 100.0, "percent_statements_covered_display": "100"}, "missing_lines": [], "excluded_lines": [], "start_line": 52}, "_residual_std": {"executed_lines": [67, 68, 74, 75, 76, 77], "summary": {"covered_lines": 6, "num_statements": 11, "percent_covered": 54.54545454545455, "percent_covered_display": "55", "missing_lines": 5, "excluded_lines": 0, "percent_statements_covered": 54.54545454545455, "percent_statements_covered_display": "55"}, "missing_lines": [69, 70, 71, 72, 73], "excluded_lines": [], "start_line": 61}, "forecast_classical": {"executed_lines": [94, 97, 98, 100, 101, 102, 103, 104, 105, 106, 107, 108, 109, 110, 111, 113, 114, 115, 116, 117, 118], "summary": {"covered_lines": 21, "num_statements": 22, "percent_covered": 95.45454545454545, "percent_covered_display": "95", "missing_lines": 1, "excluded_lines": 0, "percent_statements_covered": 95.45454545454545, "percent_statements_covered_display": "95"}, "missing_lines": [95], "excluded_lines": [], "start_line": 80}, "history_dataframe": {"executed_lines": [123], "summary": {"covered_lines": 1, "num_statements": 1, "percent_covered": 100.0, "percent_covered_display": "100", "missing_lines": 0, "excluded_lines": 0, "percent_statements_covered": 100.0, "percent_statements_covered_display": "100"}, "missing_lines": [], "excluded_lines": [], "start_line": 121}, "": {"executed_lines": [8, 10, 12, 13, 14, 15, 23, 25, 26, 28, 29, 32, 33, 34, 35, 36, 39, 52, 61, 80, 121], "summary": {"covered_lines": 21, "num_statements": 21, "percent_covered": 100.0, "percent_covered_display": "100", "missing_lines": 0, "excluded_lines": 0, "percent_statements_covered": 100.0, "percent_statements_covered_display": "100"}, "missing_lines": [], "excluded_lines": [], "start_line": 1}}, "classes": {"ClassicalOutput": {"executed_lines": [], "summary": {"covered_lines": 0, "num_statements": 0, "percent_covered": 100.0, "percent_covered_display": "100", "missing_lines": 0, "excluded_lines": 0, "percent_statements_covered": 100.0, "percent_statements_covered_display": "100"}, "missing_lines": [], "excluded_lines": [], "start_line": 33}, "": {"executed_lines": [8, 10, 12, 13, 14, 15, 23, 25, 26, 28, 29, 32, 33, 34, 35, 36, 39, 40, 41, 42, 43, 44, 45, 46, 52, 53, 54, 55, 56, 57, 58, 61, 67, 68, 74, 75, 76, 77, 80, 94, 97, 98, 100, 101, 102, 103, 104, 105, 106, 107, 108, 109, 110, 111, 113, 114, 115, 116, 117, 118, 121, 123], "summary": {"covered_lines": 62, "num_statements": 71, "percent_covered": 87.32394366197182, "percent_covered_display": "87", "missing_lines": 9, "excluded_lines": 0, "percent_statements_covered": 87.32394366197182, "percent_statements_covered_display": "87"}, "missing_lines": [47, 48, 49, 69, 70, 71, 72, 73, 95], "excluded_lines": [], "start_line": 1}}}, "apps/api/forecasting/conformal.py": {"executed_lines": [17, 19, 21, 22, 25, 26, 27, 28, 29, 30, 33, 38, 39, 40, 42, 45, 57, 58, 60, 61, 62, 63, 64, 65, 66, 67, 68, 74, 77, 79], "summary": {"covered_lines": 30, "num_statements": 31, "percent_covered": 96.7741935483871, "percent_covered_display": "97", "missing_lines": 1, "excluded_lines": 0, "percent_statements_covered": 96.7741935483871, "percent_statements_covered_display": "97"}, "missing_lines": [41], "excluded_lines": [], "functions": {"calibrate_residuals": {"executed_lines": [38, 39, 40, 42], "summary": {"covered_lines": 4, "num_statements": 5, "percent_covered": 80.0, "percent_covered_display": "80", "missing_lines": 1, "excluded_lines": 0, "percent_statements_covered": 80.0, "percent_statements_covered_display": "80"}, "missing_lines": [41], "excluded_lines": [], "start_line": 33}, "apply_conformal_to_quantiles": {"executed_lines": [57, 58, 60, 61, 62, 63, 64, 65, 66, 67, 68, 74], "summary": {"covered_lines": 12, "num_statements": 12, "percent_covered": 100.0, "percent_covered_display": "100", "missing_lines": 0, "excluded_lines": 0, "percent_statements_covered": 100.0, "percent_statements_covered_display": "100"}, "missing_lines": [], "excluded_lines": [], "start_line": 45}, "residuals_from_backtest": {"executed_lines": [79], "summary": {"covered_lines": 1, "num_statements": 1, "percent_covered": 100.0, "percent_covered_display": "100", "missing_lines": 0, "excluded_lines": 0, "percent_statements_covered": 100.0, "percent_statements_covered_display": "100"}, "missing_lines": [], "excluded_lines": [], "start_line": 77}, "": {"executed_lines": [17, 19, 21, 22, 25, 26, 27, 28, 29, 30, 33, 45, 77], "summary": {"covered_lines": 13, "num_statements": 13, "percent_covered": 100.0, "percent_covered_display": "100", "missing_lines": 0, "excluded_lines": 0, "percent_statements_covered": 100.0, "percent_statements_covered_display": "100"}, "missing_lines": [], "excluded_lines": [], "start_line": 1}}, "classes": {"ConformalCalibration": {"executed_lines": [], "summary": {"covered_lines": 0, "num_statements": 0, "percent_covered": 100.0, "percent_covered_display": "100", "missing_lines": 0, "excluded_lines": 0, "percent_statements_covered": 100.0, "percent_statements_covered_display": "100"}, "missing_lines": [], "excluded_lines": [], "start_line": 26}, "": {"executed_lines": [17, 19, 21, 22, 25, 26, 27, 28, 29, 30, 33, 38, 39, 40, 42, 45, 57, 58, 60, 61, 62, 63, 64, 65, 66, 67, 68, 74, 77, 79], "summary": {"covered_lines": 30, "num_statements": 31, "percent_covered": 96.7741935483871, "percent_covered_display": "97", "missing_lines": 1, "excluded_lines": 0, "percent_statements_covered": 96.7741935483871, "percent_statements_covered_display": "97"}, "missing_lines": [41], "excluded_lines": [], "start_line": 1}}}, "apps/api/forecasting/decompose.py": {"executed_lines": [8, 10, 11, 13, 14, 16, 19, 26, 42], "summary": {"covered_lines": 9, "num_statements": 41, "percent_covered": 21.951219512195124, "percent_covered_display": "22", "missing_lines": 32, "excluded_lines": 0, "percent_statements_covered": 21.951219512195124, "percent_statements_covered_display": "22"}, "missing_lines": [20, 21, 22, 23, 27, 28, 29, 30, 31, 32, 33, 34, 35, 36, 37, 38, 39, 43, 44, 45, 49, 50, 51, 52, 54, 55, 56, 58, 59, 60, 61, 63], "excluded_lines": [], "functions": {"_rolling_trend": {"executed_lines": [], "summary": {"covered_lines": 0, "num_statements": 4, "percent_covered": 0.0, "percent_covered_display": "0", "missing_lines": 4, "excluded_lines": 0, "percent_statements_covered": 0.0, "percent_statements_covered_display": "0"}, "missing_lines": [20, 21, 22, 23], "excluded_lines": [], "start_line": 19}, "_seasonal_component": {"executed_lines": [], "summary": {"covered_lines": 0, "num_statements": 13, "percent_covered": 0.0, "percent_covered_display": "0", "missing_lines": 13, "excluded_lines": 0, "percent_statements_covered": 0.0, "percent_statements_covered_display": "0"}, "missing_lines": [27, 28, 29, 30, 31, 32, 33, 34, 35, 36, 37, 38, 39], "excluded_lines": [], "start_line": 26}, "decompose_sku": {"executed_lines": [], "summary": {"covered_lines": 0, "num_statements": 15, "percent_covered": 0.0, "percent_covered_display": "0", "missing_lines": 15, "excluded_lines": 0, "percent_statements_covered": 0.0, "percent_statements_covered_display": "0"}, "missing_lines": [43, 44, 45, 49, 50, 51, 52, 54, 55, 56, 58, 59, 60, 61, 63], "excluded_lines": [], "start_line": 42}, "": {"executed_lines": [8, 10, 11, 13, 14, 16, 19, 26, 42], "summary": {"covered_lines": 9, "num_statements": 9, "percent_covered": 100.0, "percent_covered_display": "100", "missing_lines": 0, "excluded_lines": 0, "percent_statements_covered": 100.0, "percent_statements_covered_display": "100"}, "missing_lines": [], "excluded_lines": [], "start_line": 1}}, "classes": {"": {"executed_lines": [8, 10, 11, 13, 14, 16, 19, 26, 42], "summary": {"covered_lines": 9, "num_statements": 41, "percent_covered": 21.951219512195124, "percent_covered_display": "22", "missing_lines": 32, "excluded_lines": 0, "percent_statements_covered": 21.951219512195124, "percent_statements_covered_display": "22"}, "missing_lines": [20, 21, 22, 23, 27, 28, 29, 30, 31, 32, 33, 34, 35, 36, 37, 38, 39, 43, 44, 45, 49, 50, 51, 52, 54, 55, 56, 58, 59, 60, 61, 63], "excluded_lines": [], "start_line": 1}}}, "apps/api/forecasting/ensemble.py": {"executed_lines": [14, 16, 17, 19, 21, 24, 25, 26, 27, 28, 29, 32, 34, 35, 36, 37, 38, 39, 40, 41, 42, 45, 47, 48, 50, 51, 52, 53, 55, 56, 57, 59, 60, 61, 62, 63, 65, 66, 67], "summary": {"covered_lines": 39, "num_statements": 40, "percent_covered": 97.5, "percent_covered_display": "98", "missing_lines": 1, "excluded_lines": 0, "percent_statements_covered": 97.5, "percent_statements_covered_display": "98"}, "missing_lines": [58], "excluded_lines": [], "functions": {"crps_weights": {"executed_lines": [34, 35, 36, 37, 38, 39, 40, 41, 42], "summary": {"covered_lines": 9, "num_statements": 9, "percent_covered": 100.0, "percent_covered_display": "100", "missing_lines": 0, "excluded_lines": 0, "percent_statements_covered": 100.0, "percent_statements_covered_display": "100"}, "missing_lines": [], "excluded_lines": [], "start_line": 32}, "combine": {"executed_lines": [47, 48, 50, 51, 52, 53, 55, 56, 57, 59, 60, 61, 62, 63, 65, 66, 67], "summary": {"covered_lines": 17, "num_statements": 18, "percent_covered": 94.44444444444444, "percent_covered_display": "94", "missing_lines": 1, "excluded_lines": 0, "percent_statements_covered": 94.44444444444444, "percent_statements_covered_display": "94"}, "missing_lines": [58], "excluded_lines": [], "start_line": 45}, "": {"executed_lines": [14, 16, 17, 19, 21, 24, 25, 26, 27, 28, 29, 32, 45], "summary": {"covered_lines": 13, "num_statements": 13, "percent_covered": 100.0, "percent_covered_display": "100", "missing_lines": 0, "excluded_lines": 0, "percent_statements_covered": 100.0, "percent_statements_covered_display": "100"}, "missing_lines": [], "excluded_lines": [], "start_line": 1}}, "classes": {"EnsembleMember": {"executed_lines": [], "summary": {"covered_lines": 0, "num_statements": 0, "percent_covered": 100.0, "percent_covered_display": "100", "missing_lines": 0, "excluded_lines": 0, "percent_statements_covered": 100.0, "percent_statements_covered_display": "100"}, "missing_lines": [], "excluded_lines": [], "start_line": 25}, "": {"executed_lines": [14, 16, 17, 19, 21, 24, 25, 26, 27, 28, 29, 32, 34, 35, 36, 37, 38, 39, 40, 41, 42, 45, 47, 48, 50, 51, 52, 53, 55, 56, 57, 59, 60, 61, 62, 63, 65, 66, 67], "summary": {"covered_lines": 39, "num_statements": 40, "percent_covered": 97.5, "percent_covered_display": "98", "missing_lines": 1, "excluded_lines": 0, "percent_statements_covered": 97.5, "percent_statements_covered_display": "98"}, "missing_lines": [58], "excluded_lines": [], "start_line": 1}}}, "apps/api/forecasting/forecast.py": {"executed_lines": [10, 12, 14, 15, 17, 18, 19, 20, 24, 25, 30, 35, 36, 37, 44, 45, 47, 48, 50, 51, 52, 53, 56, 57, 60, 61, 62, 66, 69, 70, 71, 73, 74, 75, 77, 78, 80, 83, 98, 99, 100, 101, 102, 103, 105, 106, 107, 109, 110, 111, 114, 115, 116, 117, 118, 120, 121, 122, 125, 131, 132, 133, 134, 136, 137, 138, 139, 145, 148, 158, 159, 161, 167, 168, 171, 173, 174, 175, 179, 180, 182, 183, 188, 189, 191, 195, 196, 197, 199, 211, 213, 214, 215, 222, 223, 224, 225, 226, 227, 228, 229, 231, 232, 239, 240, 241, 242, 243, 244, 245, 246, 247, 250, 251, 252, 253, 255, 256, 263, 264, 265, 266, 267, 268, 275, 276, 280, 281, 284, 289, 290, 292, 298, 300, 305, 307, 308, 311, 317, 324, 351], "summary": {"covered_lines": 141, "num_statements": 175, "percent_covered": 80.57142857142857, "percent_covered_display": "81", "missing_lines": 34, "excluded_lines": 0, "percent_statements_covered": 80.57142857142857, "percent_statements_covered_display": "81"}, "missing_lines": [72, 76, 79, 104, 108, 112, 113, 119, 135, 160, 162, 169, 200, 201, 202, 203, 204, 205, 206, 236, 237, 260, 261, 270, 271, 272, 273, 291, 299, 301, 306, 309, 352, 354], "excluded_lines": [], "functions": {"_load_sku_history": {"executed_lines": [61, 62, 66], "summary": {"covered_lines": 3, "num_statements": 3, "percent_covered": 100.0, "percent_covered_display": "100", "missing_lines": 0, "excluded_lines": 0, "percent_statements_covered": 100.0, "percent_statements_covered_display": "100"}, "missing_lines": [], "excluded_lines": [], "start_line": 60}, "_detect_regime_break": {"executed_lines": [70, 71, 73, 74, 75, 77, 78, 80], "summary": {"covered_lines": 8, "num_statements": 11, "percent_covered": 72.72727272727273, "percent_covered_display": "73", "missing_lines": 3, "excluded_lines": 0, "percent_statements_covered": 72.72727272727273, "percent_statements_covered_display": "73"}, "missing_lines": [72, 76, 79], "excluded_lines": [], "start_line": 69}, "_collect_classical_residuals": {"executed_lines": [98, 99, 100, 101, 102, 103, 105, 106, 107, 109, 110, 111, 114, 115, 116, 117, 118, 120, 121, 122], "summary": {"covered_lines": 20, "num_statements": 25, "percent_covered": 80.0, "percent_covered_display": "80", "missing_lines": 5, "excluded_lines": 0, "percent_statements_covered": 80.0, "percent_statements_covered_display": "80"}, "missing_lines": [104, 108, 112, 113, 119], "excluded_lines": [], "start_line": 83}, "_per_horizon_coverage": {"executed_lines": [131, 132, 133, 134, 136, 137, 138, 139, 145], "summary": {"covered_lines": 9, "num_statements": 10, "percent_covered": 90.0, "percent_covered_display": "90", "missing_lines": 1, "excluded_lines": 0, "percent_statements_covered": 90.0, "percent_statements_covered_display": "90"}, "missing_lines": [135], "excluded_lines": [], "start_line": 125}, "forecast_sku": {"executed_lines": [158, 159, 161, 167, 168, 171, 173, 174, 175, 179, 180, 182, 183, 188, 189, 191, 195, 196, 197, 199, 211, 213, 214, 215, 222, 223, 224, 225, 226, 227, 228, 229, 231, 232, 239, 240, 241, 242, 243, 244, 245, 246, 247, 250, 251, 252, 253, 255, 256, 263, 264, 265, 266, 267, 268, 275, 276, 280, 281, 284, 289, 290, 292, 298, 300, 305, 307, 308, 311, 317, 324], "summary": {"covered_lines": 71, "num_statements": 94, "percent_covered": 75.53191489361703, "percent_covered_display": "76", "missing_lines": 23, "excluded_lines": 0, "percent_statements_covered": 75.53191489361703, "percent_statements_covered_display": "76"}, "missing_lines": [160, 162, 169, 200, 201, 202, 203, 204, 205, 206, 236, 237, 260, 261, 270, 271, 272, 273, 291, 299, 301, 306, 309], "excluded_lines": [], "start_line": 148}, "forecast_sku_summary": {"executed_lines": [], "summary": {"covered_lines": 0, "num_statements": 2, "percent_covered": 0.0, "percent_covered_display": "0", "missing_lines": 2, "excluded_lines": 0, "percent_statements_covered": 0.0, "percent_statements_covered_display": "0"}, "missing_lines": [352, 354], "excluded_lines": [], "start_line": 351}, "": {"executed_lines": [10, 12, 14, 15, 17, 18, 19, 20, 24, 25, 30, 35, 36, 37, 44, 45, 47, 48, 50, 51, 52, 53, 56, 57, 60, 69, 83, 125, 148, 351], "summary": {"covered_lines": 30, "num_statements": 30, "percent_covered": 100.0, "percent_covered_display": "100", "missing_lines": 0, "excluded_lines": 0, "percent_statements_covered": 100.0, "percent_statements_covered_display": "100"}, "missing_lines": [], "excluded_lines": [], "start_line": 1}}, "classes": {"ForecastError": {"executed_lines": [], "summary": {"covered_lines": 0, "num_statements": 0, "percent_covered": 100.0, "percent_covered_display": "100", "missing_lines": 0, "excluded_lines": 0, "percent_statements_covered": 100.0, "percent_statements_covered_display": "100"}, "missing_lines": [], "excluded_lines": [], "start_line": 56}, "": {"executed_lines": [10, 12, 14, 15, 17, 18, 19, 20, 24, 25, 30, 35, 36, 37, 44, 45, 47, 48, 50, 51, 52, 53, 56, 57, 60, 61, 62, 66, 69, 70, 71, 73, 74, 75, 77, 78, 80, 83, 98, 99, 100, 101, 102, 103, 105, 106, 107, 109, 110, 111, 114, 115, 116, 117, 118, 120, 121, 122, 125, 131, 132, 133, 134, 136, 137, 138, 139, 145, 148, 158, 159, 161, 167, 168, 171, 173, 174, 175, 179, 180, 182, 183, 188, 189, 191, 195, 196, 197, 199, 211, 213, 214, 215, 222, 223, 224, 225, 226, 227, 228, 229, 231, 232, 239, 240, 241, 242, 243, 244, 245, 246, 247, 250, 251, 252, 253, 255, 256, 263, 264, 265, 266, 267, 268, 275, 276, 280, 281, 284, 289, 290, 292, 298, 300, 305, 307, 308, 311, 317, 324, 351], "summary": {"covered_lines": 141, "num_statements": 175, "percent_covered": 80.57142857142857, "percent_covered_display": "81", "missing_lines": 34, "excluded_lines": 0, "percent_statements_covered": 80.57142857142857, "percent_statements_covered_display": "81"}, "missing_lines": [72, 76, 79, 104, 108, 112, 113, 119, 135, 160, 162, 169, 200, 201, 202, 203, 204, 205, 206, 236, 237, 260, 261, 270, 271, 272, 273, 291, 299, 301, 306, 309, 352, 354], "excluded_lines": [], "start_line": 1}}}, "apps/api/forecasting/foundation.py": {"executed_lines": [7, 9, 10, 12, 14, 15, 18, 19, 20, 21, 22, 25, 26, 28, 29, 30, 31, 40, 42, 43, 44, 45, 50, 61, 63, 64, 65, 70, 71, 72, 73, 74], "summary": {"covered_lines": 32, "num_statements": 36, "percent_covered": 88.88888888888889, "percent_covered_display": "89", "missing_lines": 4, "excluded_lines": 0, "percent_statements_covered": 88.88888888888889, "percent_statements_covered_display": "89"}, "missing_lines": [34, 35, 46, 47], "excluded_lines": [], "functions": {"_pipeline": {"executed_lines": [28, 29, 30, 31], "summary": {"covered_lines": 4, "num_statements": 6, "percent_covered": 66.66666666666667, "percent_covered_display": "67", "missing_lines": 2, "excluded_lines": 0, "percent_statements_covered": 66.66666666666667, "percent_statements_covered_display": "67"}, "missing_lines": [34, 35], "excluded_lines": [], "start_line": 26}, "is_available": {"executed_lines": [42, 43, 44, 45], "summary": {"covered_lines": 4, "num_statements": 6, "percent_covered": 66.66666666666667, "percent_covered_display": "67", "missing_lines": 2, "excluded_lines": 0, "percent_statements_covered": 66.66666666666667, "percent_statements_covered_display": "67"}, "missing_lines": [46, 47], "excluded_lines": [], "start_line": 40}, "forecast_foundation": {"executed_lines": [61, 63, 64, 65, 70, 71, 72, 73, 74], "summary": {"covered_lines": 9, "num_statements": 9, "percent_covered": 100.0, "percent_covered_display": "100", "missing_lines": 0, "excluded_lines": 0, "percent_statements_covered": 100.0, "percent_statements_covered_display": "100"}, "missing_lines": [], "excluded_lines": [], "start_line": 50}, "": {"executed_lines": [7, 9, 10, 12, 14, 15, 18, 19, 20, 21, 22, 25, 26, 40, 50], "summary": {"covered_lines": 15, "num_statements": 15, "percent_covered": 100.0, "percent_covered_display": "100", "missing_lines": 0, "excluded_lines": 0, "percent_statements_covered": 100.0, "percent_statements_covered_display": "100"}, "missing_lines": [], "excluded_lines": [], "start_line": 1}}, "classes": {"FoundationOutput": {"executed_lines": [], "summary": {"covered_lines": 0, "num_statements": 0, "percent_covered": 100.0, "percent_covered_display": "100", "missing_lines": 0, "excluded_lines": 0, "percent_statements_covered": 100.0, "percent_statements_covered_display": "100"}, "missing_lines": [], "excluded_lines": [], "start_line": 19}, "": {"executed_lines": [7, 9, 10, 12, 14, 15, 18, 19, 20, 21, 22, 25, 26, 28, 29, 30, 31, 40, 42, 43, 44, 45, 50, 61, 63, 64, 65, 70, 71, 72, 73, 74], "summary": {"covered_lines": 32, "num_statements": 36, "percent_covered": 88.88888888888889, "percent_covered_display": "89", "missing_lines": 4, "excluded_lines": 0, "percent_statements_covered": 88.88888888888889, "percent_statements_covered_display": "89"}, "missing_lines": [34, 35, 46, 47], "excluded_lines": [], "start_line": 1}}}, "apps/api/forecasting/hierarchical.py": {"executed_lines": [], "summary": {"covered_lines": 0, "num_statements": 40, "percent_covered": 0.0, "percent_covered_display": "0", "missing_lines": 40, "excluded_lines": 0, "percent_statements_covered": 0.0, "percent_statements_covered_display": "0"}, "missing_lines": [19, 21, 22, 25, 26, 27, 28, 29, 30, 33, 41, 42, 43, 45, 46, 47, 48, 50, 51, 52, 54, 55, 56, 58, 59, 61, 62, 63, 64, 65, 66, 67, 68, 70, 75, 78, 85, 86, 88, 89], "excluded_lines": [], "functions": {"is_available": {"executed_lines": [], "summary": {"covered_lines": 0, "num_statements": 5, "percent_covered": 0.0, "percent_covered_display": "0", "missing_lines": 5, "excluded_lines": 0, "percent_statements_covered": 0.0, "percent_statements_covered_display": "0"}, "missing_lines": [26, 27, 28, 29, 30], "excluded_lines": [], "start_line": 25}, "build_hierarchy": {"executed_lines": [], "summary": {"covered_lines": 0, "num_statements": 25, "percent_covered": 0.0, "percent_covered_display": "0", "missing_lines": 25, "excluded_lines": 0, "percent_statements_covered": 0.0, "percent_statements_covered_display": "0"}, "missing_lines": [41, 42, 43, 45, 46, 47, 48, 50, 51, 52, 54, 55, 56, 58, 59, 61, 62, 63, 64, 65, 66, 67, 68, 70, 75], "excluded_lines": [], "start_line": 33}, "reconcile_forecasts": {"executed_lines": [], "summary": {"covered_lines": 0, "num_statements": 4, "percent_covered": 0.0, "percent_covered_display": "0", "missing_lines": 4, "excluded_lines": 0, "percent_statements_covered": 0.0, "percent_statements_covered_display": "0"}, "missing_lines": [85, 86, 88, 89], "excluded_lines": [], "start_line": 78}, "": {"executed_lines": [], "summary": {"covered_lines": 0, "num_statements": 6, "percent_covered": 0.0, "percent_covered_display": "0", "missing_lines": 6, "excluded_lines": 0, "percent_statements_covered": 0.0, "percent_statements_covered_display": "0"}, "missing_lines": [19, 21, 22, 25, 33, 78], "excluded_lines": [], "start_line": 1}}, "classes": {"": {"executed_lines": [], "summary": {"covered_lines": 0, "num_statements": 40, "percent_covered": 0.0, "percent_covered_display": "0", "missing_lines": 40, "excluded_lines": 0, "percent_statements_covered": 0.0, "percent_statements_covered_display": "0"}, "missing_lines": [19, 21, 22, 25, 26, 27, 28, 29, 30, 33, 41, 42, 43, 45, 46, 47, 48, 50, 51, 52, 54, 55, 56, 58, 59, 61, 62, 63, 64, 65, 66, 67, 68, 70, 75, 78, 85, 86, 88, 89], "excluded_lines": [], "start_line": 1}}}, "apps/api/forecasting/leaderboard.py": {"executed_lines": [], "summary": {"covered_lines": 0, "num_statements": 23, "percent_covered": 0.0, "percent_covered_display": "0", "missing_lines": 23, "excluded_lines": 0, "percent_statements_covered": 0.0, "percent_statements_covered_display": "0"}, "missing_lines": [8, 10, 13, 21, 22, 23, 24, 26, 27, 28, 29, 30, 37, 38, 39, 40, 41, 42, 43, 54, 55, 56, 57], "excluded_lines": [], "functions": {"compute_leaderboard": {"executed_lines": [], "summary": {"covered_lines": 0, "num_statements": 19, "percent_covered": 0.0, "percent_covered_display": "0", "missing_lines": 19, "excluded_lines": 0, "percent_statements_covered": 0.0, "percent_statements_covered_display": "0"}, "missing_lines": [22, 23, 24, 26, 27, 28, 29, 30, 37, 38, 39, 40, 41, 42, 43, 54, 55, 56, 57], "excluded_lines": [], "start_line": 21}, "": {"executed_lines": [], "summary": {"covered_lines": 0, "num_statements": 4, "percent_covered": 0.0, "percent_covered_display": "0", "missing_lines": 4, "excluded_lines": 0, "percent_statements_covered": 0.0, "percent_statements_covered_display": "0"}, "missing_lines": [8, 10, 13, 21], "excluded_lines": [], "start_line": 1}}, "classes": {"": {"executed_lines": [], "summary": {"covered_lines": 0, "num_statements": 23, "percent_covered": 0.0, "percent_covered_display": "0", "missing_lines": 23, "excluded_lines": 0, "percent_statements_covered": 0.0, "percent_statements_covered_display": "0"}, "missing_lines": [8, 10, 13, 21, 22, 23, 24, 26, 27, 28, 29, 30, 37, 38, 39, 40, 41, 42, 43, 54, 55, 56, 57], "excluded_lines": [], "start_line": 1}}}, "apps/api/forecasting/metrics.py": {"executed_lines": [8, 10, 13, 15, 16, 17, 18, 20, 23, 25, 26, 27, 28, 29, 31, 34, 36, 37, 38, 39, 41, 42, 43, 44, 45, 48, 50, 51, 52, 53, 55, 58, 60, 61, 62, 63, 64, 67, 74, 75, 76, 78, 79, 80, 81, 82, 85, 88, 96, 97, 98, 99, 100, 101, 102], "summary": {"covered_lines": 55, "num_statements": 61, "percent_covered": 90.1639344262295, "percent_covered_display": "90", "missing_lines": 6, "excluded_lines": 0, "percent_statements_covered": 90.1639344262295, "percent_statements_covered_display": "90"}, "missing_lines": [19, 30, 40, 54, 77, 84], "excluded_lines": [], "functions": {"mape": {"executed_lines": [15, 16, 17, 18, 20], "summary": {"covered_lines": 5, "num_statements": 6, "percent_covered": 83.33333333333333, "percent_covered_display": "83", "missing_lines": 1, "excluded_lines": 0, "percent_statements_covered": 83.33333333333333, "percent_statements_covered_display": "83"}, "missing_lines": [19], "excluded_lines": [], "start_line": 13}, "smape": {"executed_lines": [25, 26, 27, 28, 29, 31], "summary": {"covered_lines": 6, "num_statements": 7, "percent_covered": 85.71428571428571, "percent_covered_display": "86", "missing_lines": 1, "excluded_lines": 0, "percent_statements_covered": 85.71428571428571, "percent_statements_covered_display": "86"}, "missing_lines": [30], "excluded_lines": [], "start_line": 23}, "mase": {"executed_lines": [36, 37, 38, 39, 41, 42, 43, 44, 45], "summary": {"covered_lines": 9, "num_statements": 10, "percent_covered": 90.0, "percent_covered_display": "90", "missing_lines": 1, "excluded_lines": 0, "percent_statements_covered": 90.0, "percent_statements_covered_display": "90"}, "missing_lines": [40], "excluded_lines": [], "start_line": 34}, "bias": {"executed_lines": [50, 51, 52, 53, 55], "summary": {"covered_lines": 5, "num_statements": 6, "percent_covered": 83.33333333333333, "percent_covered_display": "83", "missing_lines": 1, "excluded_lines": 0, "percent_statements_covered": 83.33333333333333, "percent_statements_covered_display": "83"}, "missing_lines": [54], "excluded_lines": [], "start_line": 48}, "pinball_loss": {"executed_lines": [60, 61, 62, 63, 64], "summary": {"covered_lines": 5, "num_statements": 5, "percent_covered": 100.0, "percent_covered_display": "100", "missing_lines": 0, "excluded_lines": 0, "percent_statements_covered": 100.0, "percent_statements_covered_display": "100"}, "missing_lines": [], "excluded_lines": [], "start_line": 58}, "crps_from_samples": {"executed_lines": [74, 75, 76, 78, 79, 80, 81, 82, 85], "summary": {"covered_lines": 9, "num_statements": 11, "percent_covered": 81.81818181818181, "percent_covered_display": "82", "missing_lines": 2, "excluded_lines": 0, "percent_statements_covered": 81.81818181818181, "percent_statements_covered_display": "82"}, "missing_lines": [77, 84], "excluded_lines": [], "start_line": 67}, "crps_from_quantiles": {"executed_lines": [96, 97, 98, 99, 100, 101, 102], "summary": {"covered_lines": 7, "num_statements": 7, "percent_covered": 100.0, "percent_covered_display": "100", "missing_lines": 0, "excluded_lines": 0, "percent_statements_covered": 100.0, "percent_statements_covered_display": "100"}, "missing_lines": [], "excluded_lines": [], "start_line": 88}, "": {"executed_lines": [8, 10, 13, 23, 34, 48, 58, 67, 88], "summary": {"covered_lines": 9, "num_statements": 9, "percent_covered": 100.0, "percent_covered_display": "100", "missing_lines": 0, "excluded_lines": 0, "percent_statements_covered": 100.0, "percent_statements_covered_display": "100"}, "missing_lines": [], "excluded_lines": [], "start_line": 1}}, "classes": {"": {"executed_lines": [8, 10, 13, 15, 16, 17, 18, 20, 23, 25, 26, 27, 28, 29, 31, 34, 36, 37, 38, 39, 41, 42, 43, 44, 45, 48, 50, 51, 52, 53, 55, 58, 60, 61, 62, 63, 64, 67, 74, 75, 76, 78, 79, 80, 81, 82, 85, 88, 96, 97, 98, 99, 100, 101, 102], "summary": {"covered_lines": 55, "num_statements": 61, "percent_covered": 90.1639344262295, "percent_covered_display": "90", "missing_lines": 6, "excluded_lines": 0, "percent_statements_covered": 90.1639344262295, "percent_statements_covered_display": "90"}, "missing_lines": [19, 30, 40, 54, 77, 84], "excluded_lines": [], "start_line": 1}}}, "apps/api/forecasting/ml.py": {"executed_lines": [14, 16, 18, 19, 21, 22, 24, 29, 36, 37, 38, 39, 40, 43, 44, 45, 46, 51, 52, 53, 54, 55, 56, 57, 58, 61, 62, 63, 64, 65, 66, 67, 68, 71, 72, 73, 74, 75, 77, 78, 79, 80, 82, 87, 88, 91, 96, 98, 99, 100, 103, 104, 105, 106, 107, 110, 111, 112, 125, 130, 131, 132, 135, 147, 149, 150, 152, 153, 156, 157, 158, 159, 161, 162, 163, 170, 171, 172, 173, 176, 177, 178, 179, 181, 182, 183, 184, 185, 187], "summary": {"covered_lines": 89, "num_statements": 95, "percent_covered": 93.6842105263158, "percent_covered_display": "94", "missing_lines": 6, "excluded_lines": 0, "percent_statements_covered": 93.6842105263158, "percent_statements_covered_display": "94"}, "missing_lines": [47, 48, 101, 108, 154, 174], "excluded_lines": [], "functions": {"is_available": {"executed_lines": [44, 45, 46], "summary": {"covered_lines": 3, "num_statements": 5, "percent_covered": 60.0, "percent_covered_display": "60", "missing_lines": 2, "excluded_lines": 0, "percent_statements_covered": 60.0, "percent_statements_covered_display": "60"}, "missing_lines": [47, 48], "excluded_lines": [], "start_line": 43}, "_add_calendar_features": {"executed_lines": [52, 53, 54, 55, 56, 57, 58], "summary": {"covered_lines": 7, "num_statements": 7, "percent_covered": 100.0, "percent_covered_display": "100", "missing_lines": 0, "excluded_lines": 0, "percent_statements_covered": 100.0, "percent_statements_covered_display": "100"}, "missing_lines": [], "excluded_lines": [], "start_line": 51}, "_add_lag_features": {"executed_lines": [62, 63, 64, 65, 66, 67, 68], "summary": {"covered_lines": 7, "num_statements": 7, "percent_covered": 100.0, "percent_covered_display": "100", "missing_lines": 0, "excluded_lines": 0, "percent_statements_covered": 100.0, "percent_statements_covered_display": "100"}, "missing_lines": [], "excluded_lines": [], "start_line": 61}, "_build_design_matrix": {"executed_lines": [72, 73, 74, 75, 77, 78, 79, 80, 82, 87, 88], "summary": {"covered_lines": 11, "num_statements": 11, "percent_covered": 100.0, "percent_covered_display": "100", "missing_lines": 0, "excluded_lines": 0, "percent_statements_covered": 100.0, "percent_statements_covered_display": "100"}, "missing_lines": [], "excluded_lines": [], "start_line": 71}, "train_global_model": {"executed_lines": [96, 98, 99, 100, 103, 104, 105, 106, 107, 110, 111, 112, 125, 130, 131, 132], "summary": {"covered_lines": 16, "num_statements": 18, "percent_covered": 88.88888888888889, "percent_covered_display": "89", "missing_lines": 2, "excluded_lines": 0, "percent_statements_covered": 88.88888888888889, "percent_statements_covered_display": "89"}, "missing_lines": [101, 108], "excluded_lines": [], "start_line": 91}, "forecast_ml": {"executed_lines": [147, 149, 150, 152, 153, 156, 157, 158, 159, 161, 162, 163, 170, 171, 172, 173, 176, 177, 178, 179, 181, 182, 183, 184, 185, 187], "summary": {"covered_lines": 26, "num_statements": 28, "percent_covered": 92.85714285714286, "percent_covered_display": "93", "missing_lines": 2, "excluded_lines": 0, "percent_statements_covered": 92.85714285714286, "percent_statements_covered_display": "93"}, "missing_lines": [154, 174], "excluded_lines": [], "start_line": 135}, "": {"executed_lines": [14, 16, 18, 19, 21, 22, 24, 29, 36, 37, 38, 39, 40, 43, 51, 61, 71, 91, 135], "summary": {"covered_lines": 19, "num_statements": 19, "percent_covered": 100.0, "percent_covered_display": "100", "missing_lines": 0, "excluded_lines": 0, "percent_statements_covered": 100.0, "percent_statements_covered_display": "100"}, "missing_lines": [], "excluded_lines": [], "start_line": 1}}, "classes": {"MLOutput": {"executed_lines": [], "summary": {"covered_lines": 0, "num_statements": 0, "percent_covered": 100.0, "percent_covered_display": "100", "missing_lines": 0, "excluded_lines": 0, "percent_statements_covered": 100.0, "percent_statements_covered_display": "100"}, "missing_lines": [], "excluded_lines": [], "start_line": 37}, "": {"executed_lines": [14, 16, 18, 19, 21, 22, 24, 29, 36, 37, 38, 39, 40, 43, 44, 45, 46, 51, 52, 53, 54, 55, 56, 57, 58, 61, 62, 63, 64, 65,
[...]
play": "0", "missing_lines": 4, "excluded_lines": 0, "percent_statements_covered": 0.0, "percent_statements_covered_display": "0"}, "missing_lines": [29, 30, 31, 32], "excluded_lines": [], "start_line": 28}, "test_upload_then_confirm_round_trip": {"executed_lines": [], "summary": {"covered_lines": 0, "num_statements": 17, "percent_covered": 0.0, "percent_covered_display": "0", "missing_lines": 17, "excluded_lines": 0, "percent_statements_covered": 0.0, "percent_statements_covered_display": "0"}, "missing_lines": [36, 40, 41, 42, 43, 44, 46, 47, 48, 49, 51, 52, 53, 54, 55, 56, 57], "excluded_lines": [], "start_line": 35}, "test_upload_rejects_unsupported_extension": {"executed_lines": [], "summary": {"covered_lines": 0, "num_statements": 2, "percent_covered": 0.0, "percent_covered_display": "0", "missing_lines": 2, "excluded_lines": 0, "percent_statements_covered": 0.0, "percent_statements_covered_display": "0"}, "missing_lines": [61, 65], "excluded_lines": [], "start_line": 60}, "test_confirm_rejects_unmapped_required": {"executed_lines": [], "summary": {"covered_lines": 0, "num_statements": 5, "percent_covered": 0.0, "percent_covered_display": "0", "missing_lines": 5, "excluded_lines": 0, "percent_statements_covered": 0.0, "percent_statements_covered_display": "0"}, "missing_lines": [69, 71, 72, 73, 74], "excluded_lines": [], "start_line": 68}, "test_dq_report_endpoint_after_confirm": {"executed_lines": [], "summary": {"covered_lines": 0, "num_statements": 11, "percent_covered": 0.0, "percent_covered_display": "0", "missing_lines": 11, "excluded_lines": 0, "percent_statements_covered": 0.0, "percent_statements_covered_display": "0"}, "missing_lines": [78, 80, 81, 82, 83, 85, 86, 87, 88, 89, 90], "excluded_lines": [], "start_line": 77}, "test_dq_report_404_for_unknown_dataset": {"executed_lines": [], "summary": {"covered_lines": 0, "num_statements": 2, "percent_covered": 0.0, "percent_covered_display": "0", "missing_lines": 2, "excluded_lines": 0, "percent_statements_covered": 0.0, "percent_statements_covered_display": "0"}, "missing_lines": [96, 97], "excluded_lines": [], "start_line": 95}, "test_summary_endpoint_after_confirm": {"executed_lines": [], "summary": {"covered_lines": 0, "num_statements": 8, "percent_covered": 0.0, "percent_covered_display": "0", "missing_lines": 8, "excluded_lines": 0, "percent_statements_covered": 0.0, "percent_statements_covered_display": "0"}, "missing_lines": [101, 103, 104, 105, 107, 108, 109, 110], "excluded_lines": [], "start_line": 100}, "test_upload_xlsx_dispatches_through_openpyxl": {"executed_lines": [], "summary": {"covered_lines": 0, "num_statements": 5, "percent_covered": 0.0, "percent_covered_display": "0", "missing_lines": 5, "excluded_lines": 0, "percent_statements_covered": 0.0, "percent_statements_covered_display": "0"}, "missing_lines": [114, 119, 120, 121, 122], "excluded_lines": [], "start_line": 113}, "test_duplicate_skus_blocked_at_confirm": {"executed_lines": [], "summary": {"covered_lines": 0, "num_statements": 8, "percent_covered": 0.0, "percent_covered_display": "0", "missing_lines": 8, "excluded_lines": 0, "percent_statements_covered": 0.0, "percent_statements_covered_display": "0"}, "missing_lines": [126, 130, 131, 132, 133, 134, 135, 136], "excluded_lines": [], "start_line": 125}, "": {"executed_lines": [], "summary": {"covered_lines": 0, "num_statements": 20, "percent_covered": 0.0, "percent_covered_display": "0", "missing_lines": 20, "excluded_lines": 0, "percent_statements_covered": 0.0, "percent_statements_covered_display": "0"}, "missing_lines": [1, 3, 5, 6, 7, 9, 10, 13, 14, 23, 24, 28, 35, 60, 68, 77, 95, 100, 113, 125], "excluded_lines": [], "start_line": 1}}, "classes": {"": {"executed_lines": [], "summary": {"covered_lines": 0, "num_statements": 88, "percent_covered": 0.0, "percent_covered_display": "0", "missing_lines": 88, "excluded_lines": 0, "percent_statements_covered": 0.0, "percent_statements_covered_display": "0"}, "missing_lines": [1, 3, 5, 6, 7, 9, 10, 13, 14, 16, 17, 18, 19, 20, 23, 24, 25, 28, 29, 30, 31, 32, 35, 36, 40, 41, 42, 43, 44, 46, 47, 48, 49, 51, 52, 53, 54, 55, 56, 57, 60, 61, 65, 68, 69, 71, 72, 73, 74, 77, 78, 80, 81, 82, 83, 85, 86, 87, 88, 89, 90, 95, 96, 97, 100, 101, 103, 104, 105, 107, 108, 109, 110, 113, 114, 119, 120, 121, 122, 125, 126, 130, 131, 132, 133, 134, 135, 136], "excluded_lines": [], "start_line": 1}}}, "apps/api/tests/test_shopify_connector.py": {"executed_lines": [], "summary": {"covered_lines": 0, "num_statements": 80, "percent_covered": 0.0, "percent_covered_display": "0", "missing_lines": 80, "excluded_lines": 0, "percent_statements_covered": 0.0, "percent_statements_covered_display": "0"}, "missing_lines": [3, 5, 7, 8, 9, 11, 17, 20, 22, 24, 25, 26, 27, 30, 31, 34, 37, 38, 39, 42, 43, 46, 47, 52, 53, 54, 55, 56, 57, 58, 59, 62, 63, 68, 69, 72, 73, 77, 78, 79, 82, 83, 87, 88, 91, 92, 96, 97, 98, 101, 102, 103, 104, 107, 108, 109, 110, 118, 119, 120, 121, 123, 124, 125, 126, 127, 129, 130, 131, 132, 135, 137, 142, 143, 144, 146, 147, 148, 149, 150], "excluded_lines": [], "functions": {"_shopify_df": {"executed_lines": [], "summary": {"covered_lines": 0, "num_statements": 5, "percent_covered": 0.0, "percent_covered_display": "0", "missing_lines": 5, "excluded_lines": 0, "percent_statements_covered": 0.0, "percent_statements_covered_display": "0"}, "missing_lines": [22, 24, 25, 26, 27], "excluded_lines": [], "start_line": 20}, "test_detect_shopify_positive": {"executed_lines": [], "summary": {"covered_lines": 0, "num_statements": 2, "percent_covered": 0.0, "percent_covered_display": "0", "missing_lines": 2, "excluded_lines": 0, "percent_statements_covered": 0.0, "percent_statements_covered_display": "0"}, "missing_lines": [31, 34], "excluded_lines": [], "start_line": 30}, "test_detect_shopify_missing_column": {"executed_lines": [], "summary": {"covered_lines": 0, "num_statements": 2, "percent_covered": 0.0, "percent_covered_display": "0", "missing_lines": 2, "excluded_lines": 0, "percent_statements_covered": 0.0, "percent_statements_covered_display": "0"}, "missing_lines": [38, 39], "excluded_lines": [], "start_line": 37}, "test_detect_shopify_empty_df": {"executed_lines": [], "summary": {"covered_lines": 0, "num_statements": 1, "percent_covered": 0.0, "percent_covered_display": "0", "missing_lines": 1, "excluded_lines": 0, "percent_statements_covered": 0.0, "percent_statements_covered_display": "0"}, "missing_lines": [43], "excluded_lines": [], "start_line": 42}, "test_transform_shopify_aggregates_by_sku_and_date": {"executed_lines": [], "summary": {"covered_lines": 0, "num_statements": 9, "percent_covered": 0.0, "percent_covered_display": "0", "missing_lines": 9, "excluded_lines": 0, "percent_statements_covered": 0.0, "percent_statements_covered_display": "0"}, "missing_lines": [47, 52, 53, 54, 55, 56, 57, 58, 59], "excluded_lines": [], "start_line": 46}, "test_transform_shopify_excludes_cancelled_orders": {"executed_lines": [], "summary": {"covered_lines": 0, "num_statements": 3, "percent_covered": 0.0, "percent_covered_display": "0", "missing_lines": 3, "excluded_lines": 0, "percent_statements_covered": 0.0, "percent_statements_covered_display": "0"}, "missing_lines": [63, 68, 69], "excluded_lines": [], "start_line": 62}, "test_transform_shopify_drops_empty_skus": {"executed_lines": [], "summary": {"covered_lines": 0, "num_statements": 4, "percent_covered": 0.0, "percent_covered_display": "0", "missing_lines": 4, "excluded_lines": 0, "percent_statements_covered": 0.0, "percent_statements_covered_display": "0"}, "missing_lines": [73, 77, 78, 79], "excluded_lines": [], "start_line": 72}, "test_transform_shopify_drops_negative_quantities": {"executed_lines": [], "summary": {"covered_lines": 0, "num_statements": 3, "percent_covered": 0.0, "percent_covered_display": "0", "missing_lines": 3, "excluded_lines": 0, "percent_statements_covered": 0.0, "percent_statements_covered_display": "0"}, "missing_lines": [83, 87, 88], "excluded_lines": [], "start_line": 82}, "test_transform_shopify_weighted_mean_price": {"executed_lines": [], "summary": {"covered_lines": 0, "num_statements": 4, "percent_covered": 0.0, "percent_covered_display": "0", "missing_lines": 4, "excluded_lines": 0, "percent_statements_covered": 0.0, "percent_statements_covered_display": "0"}, "missing_lines": [92, 96, 97, 98], "excluded_lines": [], "start_line": 91}, "test_transform_shopify_rejects_non_shopify": {"executed_lines": [], "summary": {"covered_lines": 0, "num_statements": 3, "percent_covered": 0.0, "percent_covered_display": "0", "missing_lines": 3, "excluded_lines": 0, "percent_statements_covered": 0.0, "percent_statements_covered_display": "0"}, "missing_lines": [102, 103, 104], "excluded_lines": [], "start_line": 101}, "test_upload_route_detects_shopify_e2e": {"executed_lines": [], "summary": {"covered_lines": 0, "num_statements": 16, "percent_covered": 0.0, "percent_covered_display": "0", "missing_lines": 16, "excluded_lines": 0, "percent_statements_covered": 0.0, "percent_statements_covered_display": "0"}, "missing_lines": [108, 109, 110, 118, 119, 120, 121, 123, 124, 125, 126, 127, 129, 130, 131, 132], "excluded_lines": [], "start_line": 107}, "test_upload_route_non_shopify_csv_still_works": {"executed_lines": [], "summary": {"covered_lines": 0, "num_statements": 9, "percent_covered": 0.0, "percent_covered_display": "0", "missing_lines": 9, "excluded_lines": 0, "percent_statements_covered": 0.0, "percent_statements_covered_display": "0"}, "missing_lines": [137, 142, 143, 144, 146, 147, 148, 149, 150], "excluded_lines": [], "start_line": 135}, "": {"executed_lines": [], "summary": {"covered_lines": 0, "num_statements": 19, "percent_covered": 0.0, "percent_covered_display": "0", "missing_lines": 19, "excluded_lines": 0, "percent_statements_covered": 0.0, "percent_statements_covered_display": "0"}, "missing_lines": [3, 5, 7, 8, 9, 11, 17, 20, 30, 37, 42, 46, 62, 72, 82, 91, 101, 107, 135], "excluded_lines": [], "start_line": 1}}, "classes": {"": {"executed_lines": [], "summary": {"covered_lines": 0, "num_statements": 80, "percent_covered": 0.0, "percent_covered_display": "0", "missing_lines": 80, "excluded_lines": 0, "percent_statements_covered": 0.0, "percent_statements_covered_display": "0"}, "missing_lines": [3, 5, 7, 8, 9, 11, 17, 20, 22, 24, 25, 26, 27, 30, 31, 34, 37, 38, 39, 42, 43, 46, 47, 52, 53, 54, 55, 56, 57, 58, 59, 62, 63, 68, 69, 72, 73, 77, 78, 79, 82, 83, 87, 88, 91, 92, 96, 97, 98, 101, 102, 103, 104, 107, 108, 109, 110, 118, 119, 120, 121, 123, 124, 125, 126, 127, 129, 130, 131, 132, 135, 137, 142, 143, 144, 146, 147, 148, 149, 150], "excluded_lines": [], "start_line": 1}}}, "apps/api/tests/test_status_derivation.py": {"executed_lines": [], "summary": {"covered_lines": 0, "num_statements": 18, "percent_covered": 0.0, "percent_covered_display": "0", "missing_lines": 18, "excluded_lines": 0, "percent_statements_covered": 0.0, "percent_statements_covered_display": "0"}, "missing_lines": [3, 5, 8, 9, 10, 13, 15, 18, 20, 23, 25, 28, 29, 32, 34, 36, 39, 41], "excluded_lines": [], "functions": {"test_zero_or_missing_on_hand_is_order_now": {"executed_lines": [], "summary": {"covered_lines": 0, "num_statements": 2, "percent_covered": 0.0, "percent_covered_display": "0", "missing_lines": 2, "excluded_lines": 0, "percent_statements_covered": 0.0, "percent_statements_covered_display": "0"}, "missing_lines": [9, 10], "excluded_lines": [], "start_line": 8}, "test_cover_below_lead_time_is_order_now": {"executed_lines": [], "summary": {"covered_lines": 0, "num_statements": 1, "percent_covered": 0.0, "percent_covered_display": "0", "missing_lines": 1, "excluded_lines": 0, "percent_statements_covered": 0.0, "percent_statements_covered_display": "0"}, "missing_lines": [15], "excluded_lines": [], "start_line": 13}, "test_cover_below_1p5_lead_time_is_at_risk": {"executed_lines": [], "summary": {"covered_lines": 0, "num_statements": 1, "percent_covered": 0.0, "percent_covered_display": "0", "missing_lines": 1, "excluded_lines": 0, "percent_statements_covered": 0.0, "percent_statements_covered_display": "0"}, "missing_lines": [20], "excluded_lines": [], "start_line": 18}, "test_cover_below_2x_lead_time_is_watch": {"executed_lines": [], "summary": {"covered_lines": 0, "num_statements": 1, "percent_covered": 0.0, "percent_covered_display": "0", "missing_lines": 1, "excluded_lines": 0, "percent_statements_covered": 0.0, "percent_statements_covered_display": "0"}, "missing_lines": [25], "excluded_lines": [], "start_line": 23}, "test_healthy_when_well_covered": {"executed_lines": [], "summary": {"covered_lines": 0, "num_statements": 1, "percent_covered": 0.0, "percent_covered_display": "0", "missing_lines": 1, "excluded_lines": 0, "percent_statements_covered": 0.0, "percent_statements_covered_display": "0"}, "missing_lines": [29], "excluded_lines": [], "start_line": 28}, "test_missing_lead_time_uses_default_14d": {"executed_lines": [], "summary": {"covered_lines": 0, "num_statements": 2, "percent_covered": 0.0, "percent_covered_display": "0", "missing_lines": 2, "excluded_lines": 0, "percent_statements_covered": 0.0, "percent_statements_covered_display": "0"}, "missing_lines": [34, 36], "excluded_lines": [], "start_line": 32}, "test_missing_days_of_cover_with_stock_is_watch": {"executed_lines": [], "summary": {"covered_lines": 0, "num_statements": 1, "percent_covered": 0.0, "percent_covered_display": "0", "missing_lines": 1, "excluded_lines": 0, "percent_statements_covered": 0.0, "percent_statements_covered_display": "0"}, "missing_lines": [41], "excluded_lines": [], "start_line": 39}, "": {"executed_lines": [], "summary": {"covered_lines": 0, "num_statements": 9, "percent_covered": 0.0, "percent_covered_display": "0", "missing_lines": 9, "excluded_lines": 0, "percent_statements_covered": 0.0, "percent_statements_covered_display": "0"}, "missing_lines": [3, 5, 8, 13, 18, 23, 28, 32, 39], "excluded_lines": [], "start_line": 1}}, "classes": {"": {"executed_lines": [], "summary": {"covered_lines": 0, "num_statements": 18, "percent_covered": 0.0, "percent_covered_display": "0", "missing_lines": 18, "excluded_lines": 0, "percent_statements_covered": 0.0, "percent_statements_covered_display": "0"}, "missing_lines": [3, 5, 8, 9, 10, 13, 15, 18, 20, 23, 25, 28, 29, 32, 34, 36, 39, 41], "excluded_lines": [], "start_line": 1}}}, "apps/api/tests/test_synthetic.py": {"executed_lines": [], "summary": {"covered_lines": 0, "num_statements": 45, "percent_covered": 0.0, "percent_covered_display": "0", "missing_lines": 45, "excluded_lines": 0, "percent_statements_covered": 0.0, "percent_statements_covered_display": "0"}, "missing_lines": [1, 3, 4, 6, 16, 17, 18, 21, 22, 23, 24, 27, 28, 29, 32, 33, 34, 37, 38, 39, 40, 43, 44, 45, 46, 49, 50, 51, 52, 55, 56, 57, 60, 61, 62, 65, 70, 71, 72, 73, 74, 77, 78, 79, 80], "excluded_lines": [], "functions": {"test_canonical_schema_columns_match": {"executed_lines": [], "summary": {"covered_lines": 0, "num_statements": 2, "percent_covered": 0.0, "percent_covered_display": "0", "missing_lines": 2, "excluded_lines": 0, "percent_statements_covered": 0.0, "percent_statements_covered_display": "0"}, "missing_lines": [17, 18], "excluded_lines": [], "start_line": 16}, "test_required_fields_have_no_nulls": {"executed_lines": [], "summary": {"covered_lines": 0, "num_statements": 3, "percent_covered": 0.0, "percent_covered_display": "0", "missing_lines": 3, "excluded_lines": 0, "percent_statements_covered": 0.0, "percent_statements_covered_display": "0"}, "missing_lines": [22, 23, 24], "excluded_lines": [], "start_line": 21}, "test_panel_size": {"executed_lines": [], "summary": {"covered_lines": 0, "num_statements": 2, "percent_covered": 0.0, "percent_covered_display": "0", "missing_lines": 2, "excluded_lines": 0, "percent_statements_covered": 0.0, "percent_statements_covered_display": "0"}, "missing_lines": [28, 29], "excluded_lines": [], "start_line": 27}, "test_demand_non_negative": {"executed_lines": [], "summary": {"covered_lines": 0, "num_statements": 2, "percent_covered": 0.0, "percent_covered_display": "0", "missing_lines": 2, "excluded_lines": 0, "percent_statements_covered": 0.0, "percent_statements_covered_display": "0"}, "missing_lines": [33, 34], "excluded_lines": [], "start_line": 32}, "test_seed_is_deterministic": {"executed_lines": [], "summary": {"covered_lines": 0, "num_statements": 3, "percent_covered": 0.0, "percent_covered_display": "0", "missing_lines": 3, "excluded_lines": 0, "percent_statements_covered": 0.0, "percent_statements_covered_display": "0"}, "missing_lines": [38, 39, 40], "excluded_lines": [], "start_line": 37}, "test_intermittency_rate_approximately_respected": {"executed_lines": [], "summary": {"covered_lines": 0, "num_statements": 3, "percent_covered": 0.0, "percent_covered_display": "0", "missing_lines": 3, "excluded_lines": 0, "percent_statements_covered": 0.0, "percent_statements_covered_display": "0"}, "missing_lines": [44, 45, 46], "excluded_lines": [], "start_line": 43}, "test_lead_time_present_per_supplier": {"executed_lines": [], "summary": {"covered_lines": 0, "num_statements": 3, "percent_covered": 0.0, "percent_covered_display": "0", "missing_lines": 3, "excluded_lines": 0, "percent_statements_covered": 0.0, "percent_statements_covered_display": "0"}, "missing_lines": [50, 51, 52], "excluded_lines": [], "start_line": 49}, "test_unit_price_above_unit_cost": {"executed_lines": [], "summary": {"covered_lines": 0, "num_statements": 2, "percent_covered": 0.0, "percent_covered_display": "0", "missing_lines": 2, "excluded_lines": 0, "percent_statements_covered": 0.0, "percent_statements_covered_display": "0"}, "missing_lines": [56, 57], "excluded_lines": [], "start_line": 55}, "test_dates_are_timestamps": {"executed_lines": [], "summary": {"covered_lines": 0, "num_statements": 2, "percent_covered": 0.0, "percent_covered_display": "0", "missing_lines": 2, "excluded_lines": 0, "percent_statements_covered": 0.0, "percent_statements_covered_display": "0"}, "missing_lines": [61, 62], "excluded_lines": [], "start_line": 60}, "test_each_template_returns_canonical_panel": {"executed_lines": [], "summary": {"covered_lines": 0, "num_statements": 4, "percent_covered": 0.0, "percent_covered_display": "0", "missing_lines": 4, "excluded_lines": 0, "percent_statements_covered": 0.0, "percent_statements_covered_display": "0"}, "missing_lines": [71, 72, 73, 74], "excluded_lines": [], "start_line": 70}, "test_ecommerce_template_is_lumpier_than_retail": {"executed_lines": [], "summary": {"covered_lines": 0, "num_statements": 3, "percent_covered": 0.0, "percent_covered_display": "0", "missing_lines": 3, "excluded_lines": 0, "percent_statements_covered": 0.0, "percent_statements_covered_display": "0"}, "missing_lines": [78, 79, 80], "excluded_lines": [], "start_line": 77}, "": {"executed_lines": [], "summary": {"covered_lines": 0, "num_statements": 16, "percent_covered": 0.0, "percent_covered_display": "0", "missing_lines": 16, "excluded_lines": 0, "percent_statements_covered": 0.0, "percent_statements_covered_display": "0"}, "missing_lines": [1, 3, 4, 6, 16, 21, 27, 32, 37, 43, 49, 55, 60, 65, 70, 77], "excluded_lines": [], "start_line": 1}}, "classes": {"": {"executed_lines": [], "summary": {"covered_lines": 0, "num_statements": 45, "percent_covered": 0.0, "percent_covered_display": "0", "missing_lines": 45, "excluded_lines": 0, "percent_statements_covered": 0.0, "percent_statements_covered_display": "0"}, "missing_lines": [1, 3, 4, 6, 16, 17, 18, 21, 22, 23, 24, 27, 28, 29, 32, 33, 34, 37, 38, 39, 40, 43, 44, 45, 46, 49, 50, 51, 52, 55, 56, 57, 60, 61, 62, 65, 70, 71, 72, 73, 74, 77, 78, 79, 80], "excluded_lines": [], "start_line": 1}}}}, "totals": {"covered_lines": 4314, "num_statements": 8041, "percent_covered": 53.65004352692451, "percent_covered_display": "54", "missing_lines": 3727, "excluded_lines": 2, "percent_statements_covered": 53.65004352692451, "percent_statements_covered_display": "54"}}